#
# A fatal error has been detected by the Java Runtime Environment:
#
#  SIGSEGV (0xb) at pc=0xa7555c9d, pid=3506, tid=0x635dcb40
#
# JRE version: Java(TM) SE Runtime Environment (8.0_151-b12) (build 1.8.0_151-b12)
# Java VM: Java HotSpot(TM) Server VM (25.151-b12 mixed mode linux-x86 )
# Problematic frame:
# v  ~BufferBlob::jni_fast_GetLongField
#
# Failed to write core dump. Core dumps have been disabled. To enable core dumping, try "ulimit -c unlimited" before starting Java again
#
# If you would like to submit a bug report, please visit:
#   http://bugreport.java.com/bugreport/crash.jsp
# The crash happened outside the Java Virtual Machine in native code.
# See problematic frame for where to report the bug.
#

---------------  T H R E A D  ---------------

Current thread (0x642cf400):  JavaThread "AWT-XAWT" daemon [_thread_in_native, id=3537, stack(0x6358c000,0x635dd000)]

siginfo: si_signo: 11 (SIGSEGV), si_code: 1 (SEGV_MAPERR), si_addr: 0x00000000

Registers:
EAX=0x00000000, EBX=0x63dfd624, ECX=0x00001cb4, EDX=0x00000000
ESP=0x635dbc08, EBP=0x635dbc48, ESI=0x00000042, EDI=0x00000000
EIP=0xa7555c9d, EFLAGS=0x00010246, CR2=0x00000000

Top of Stack: (sp=0x635dbc08)
0x635dbc08:   642cf538 63de712d 642cf538 00000000
0x635dbc18:   00000042 b772f100 642a460c 642cf538
0x635dbc28:   635dbc48 00000000 b711d564 00010002
0x635dbc38:   635dbd58 63dae000 68f68620 00000000
0x635dbc48:   68f68470 63cdae18 68f68470 00000000
0x635dbc58:   00000000 63dae000 652fedb8 6429c828
0x635dbc68:   63cdadb9 63dae000 68f632c8 01e00003
0x635dbc78:   64ace918 63cd22e8 68f68470 636c7cb0 

Instructions: (pc=0xa7555c9d)
0xa7555c7d:   00 00 00 56 8b 0d 08 5d 14 b7 f6 c1 01 0f 85 30
0xa7555c8d:   00 00 00 8b c1 83 e0 01 8b 54 04 0c 8b 74 24 10
0xa7555c9d:   8b 12 c1 ee 02 8b 04 32 8b 54 32 04 be 08 5d 14
0xa7555cad:   b7 33 f2 33 f0 33 f2 33 f0 3b 0e 0f 85 02 00 00 

Register to memory mapping:

EAX=0x00000000 is an unknown value
EBX=0x63dfd624: <offset 0x4c624> in /usr/lib/jvm/java-8-oracle/jre/lib/i386/libawt_xawt.so at 0x63db1000
ECX=0x00001cb4 is an unknown value
EDX=0x00000000 is an unknown value
ESP=0x635dbc08 is pointing into the stack for thread: 0x642cf400
EBP=0x635dbc48 is pointing into the stack for thread: 0x642cf400
ESI=0x00000042 is an unknown value
EDI=0x00000000 is an unknown value


Stack: [0x6358c000,0x635dd000],  sp=0x635dbc08,  free space=319k
Native frames: (J=compiled Java code, j=interpreted, Vv=VM code, C=native code)
v  ~BufferBlob::jni_fast_GetLongField
C  [libX11.so.6+0x5de18]  _XimServerDestroy+0x68

Java frames: (J=compiled Java code, j=interpreted, Vv=VM code)
J 4826  sun.awt.X11.XlibWrapper.XFilterEvent(JJ)Z (0 bytes) @ 0xa76e4176 [0xa76e4120+0x56]
j  sun.awt.X11.XToolkit.run(Z)V+300
j  sun.awt.X11.XToolkit.run()V+5
j  java.lang.Thread.run()V+11
v  ~StubRoutines::call_stub

---------------  P R O C E S S  ---------------

Java Threads: ( => current thread )
  0x68f65c00 JavaThread "TimerQueue" daemon [_thread_blocked, id=5603, stack(0x6300d000,0x6305e000)]
  0x64ce9800 JavaThread "Java Sound Event Dispatcher" daemon [_thread_blocked, id=3711, stack(0x62232000,0x62283000)]
  0x6579a800 JavaThread "AWT-EventQueue-0" [_thread_blocked, id=3698, stack(0x6305e000,0x630af000)]
  0x6579a000 JavaThread "AWT-Shutdown" [_thread_blocked, id=3697, stack(0x6333b000,0x6338c000)]
  0x65368400 JavaThread "Thread-3" daemon [_thread_blocked, id=3540, stack(0x631af000,0x63200000)]
=>0x642cf400 JavaThread "AWT-XAWT" daemon [_thread_in_native, id=3537, stack(0x6358c000,0x635dd000)]
  0x642bb800 JavaThread "Java2D Disposer" daemon [_thread_blocked, id=3536, stack(0x638af000,0x63900000)]
  0x654cf800 JavaThread "MySQL Statement Cancellation Timer" daemon [_thread_blocked, id=3534, stack(0x645af000,0x64600000)]
  0x662ab000 JavaThread "Service Thread" daemon [_thread_blocked, id=3532, stack(0x65b8a000,0x65bdb000)]
  0x662a7c00 JavaThread "C1 CompilerThread2" daemon [_thread_blocked, id=3531, stack(0x65bdb000,0x65c5c000)]
  0x662a6800 JavaThread "C2 CompilerThread1" daemon [_thread_blocked, id=3530, stack(0x65c5c000,0x65cdd000)]
  0x662a4800 JavaThread "C2 CompilerThread0" daemon [_thread_blocked, id=3529, stack(0x65cdd000,0x65d5e000)]
  0x662a3000 JavaThread "Signal Dispatcher" daemon [_thread_blocked, id=3528, stack(0x65d5e000,0x65daf000)]
  0x66288c00 JavaThread "Finalizer" daemon [_thread_blocked, id=3527, stack(0x65faf000,0x66000000)]
  0x66286000 JavaThread "Reference Handler" daemon [_thread_blocked, id=3526, stack(0x66310000,0x66361000)]
  0xb6507800 JavaThread "main" [_thread_blocked, id=3519, stack(0xb669c000,0xb66ed000)]

Other Threads:
  0x66281800 VMThread [stack: 0x66361000,0x663e2000] [id=3525]
  0x662c6400 WatcherThread [stack: 0x65b09000,0x65b8a000] [id=3533]

VM state:not at safepoint (normal execution)

VM Mutex/Monitor currently owned by a thread: None

Heap:
 PSYoungGen      total 48640K, used 30005K [0x92780000, 0x965c0000, 0xa7000000)
  eden space 35584K, 83% used [0x92780000,0x9445dd20,0x94a40000)
  from space 13056K, 3% used [0x95900000,0x9596f7d8,0x965c0000)
  to   space 14080K, 0% used [0x94a40000,0x94a40000,0x95800000)
 ParOldGen       total 46336K, used 36546K [0x69600000, 0x6c340000, 0x92780000)
  object space 46336K, 78% used [0x69600000,0x6b9b0b60,0x6c340000)
 Metaspace       used 21695K, capacity 22471K, committed 22528K, reserved 22832K

Card table byte_map: [0x69412000,0x69600000] byte_map_base: 0x690c7000

Marking Bits: (ParMarkBitMap*) 0xb71455c0
 Begin Bits: [0x66e30000, 0x67d98000)
 End Bits:   [0x67d98000, 0x68d00000)

Polling page: 0xb774f000

CodeCache: size=245760Kb used=19006Kb max_used=19006Kb free=226753Kb
 bounds [0xa7500000, 0xa87a8000, 0xb6500000]
 total_blobs=6326 nmethods=5775 adapters=463
 compilation: enabled

Compilation events (10 events):
Event: 14933.712 Thread 0x662a7c00 6965       3       com.sun.speech.freetts.en.us.FeatureProcessors$NumDigits::process (23 bytes)
Event: 14933.713 Thread 0x662a7c00 nmethod 6965 0xa877fb88 code [0xa877fd00, 0xa8780218]
Event: 14933.720 Thread 0x662a7c00 6966       3       sun.awt.NullComponentPeer::beginValidate (1 bytes)
Event: 14933.721 Thread 0x662a7c00 nmethod 6966 0xa7cef008 code [0xa7cef120, 0xa7cef200]
Event: 14933.723 Thread 0x662a7c00 6967       3       sun.awt.NullComponentPeer::endValidate (1 bytes)
Event: 14933.723 Thread 0x662a7c00 nmethod 6967 0xa81ff188 code [0xa81ff2a0, 0xa81ff380]
Event: 14973.714 Thread 0x662a6800 6968   !   4       java.util.concurrent.locks.AbstractQueuedSynchronizer::acquireQueued (93 bytes)
Event: 14973.727 Thread 0x662a6800 nmethod 6968 0xa821c188 code [0xa821c2c0, 0xa821c590]
Event: 14976.696 Thread 0x662a7c00 6969 % !   3       sun.awt.X11.XToolkit::run @ 59 (410 bytes)
Event: 14976.710 Thread 0x662a7c00 nmethod 6969% 0xa879c448 code [0xa879ce80, 0xa87a3270]

GC Heap History (10 events):
Event: 1492.090 GC heap before
{Heap before GC invocations=13 (full 1):
 PSYoungGen      total 54784K, used 44121K [0x92780000, 0x976c0000, 0xa7000000)
  eden space 41216K, 100% used [0x92780000,0x94fc0000,0x94fc0000)
  from space 13568K, 21% used [0x94fc0000,0x95296670,0x95d00000)
  to   space 13568K, 0% used [0x96980000,0x96980000,0x976c0000)
 ParOldGen       total 46336K, used 34979K [0x69600000, 0x6c340000, 0x92780000)
  object space 46336K, 75% used [0x69600000,0x6b828f10,0x6c340000)
 Metaspace       used 20895K, capacity 21694K, committed 21760K, reserved 21808K
Event: 1492.104 GC heap after
Heap after GC invocations=13 (full 1):
 PSYoungGen      total 40448K, used 276K [0x92780000, 0x96a00000, 0xa7000000)
  eden space 39936K, 0% used [0x92780000,0x92780000,0x94e80000)
  from space 512K, 53% used [0x96980000,0x969c5178,0x96a00000)
  to   space 14080K, 0% used [0x94e80000,0x94e80000,0x95c40000)
 ParOldGen       total 46336K, used 36530K [0x69600000, 0x6c340000, 0x92780000)
  object space 46336K, 78% used [0x69600000,0x6b9acb60,0x6c340000)
 Metaspace       used 20895K, capacity 21694K, committed 21760K, reserved 21808K
}
Event: 4412.449 GC heap before
{Heap before GC invocations=14 (full 1):
 PSYoungGen      total 40448K, used 40212K [0x92780000, 0x96a00000, 0xa7000000)
  eden space 39936K, 100% used [0x92780000,0x94e80000,0x94e80000)
  from space 512K, 53% used [0x96980000,0x969c5178,0x96a00000)
  to   space 14080K, 0% used [0x94e80000,0x94e80000,0x95c40000)
 ParOldGen       total 46336K, used 36530K [0x69600000, 0x6c340000, 0x92780000)
  object space 46336K, 78% used [0x69600000,0x6b9acb60,0x6c340000)
 Metaspace       used 21346K, capacity 22145K, committed 22272K, reserved 22832K
Event: 4412.456 GC heap after
Heap after GC invocations=14 (full 1):
 PSYoungGen      total 39168K, used 422K [0x92780000, 0x969c0000, 0xa7000000)
  eden space 38656K, 0% used [0x92780000,0x92780000,0x94d40000)
  from space 512K, 82% used [0x94e80000,0x94ee9a00,0x94f00000)
  to   space 14336K, 0% used [0x95bc0000,0x95bc0000,0x969c0000)
 ParOldGen       total 46336K, used 36534K [0x69600000, 0x6c340000, 0x92780000)
  object space 46336K, 78% used [0x69600000,0x6b9adb60,0x6c340000)
 Metaspace       used 21346K, capacity 22145K, committed 22272K, reserved 22832K
}
Event: 7172.833 GC heap before
{Heap before GC invocations=15 (full 1):
 PSYoungGen      total 39168K, used 39078K [0x92780000, 0x969c0000, 0xa7000000)
  eden space 38656K, 100% used [0x92780000,0x94d40000,0x94d40000)
  from space 512K, 82% used [0x94e80000,0x94ee9a00,0x94f00000)
  to   space 14336K, 0% used [0x95bc0000,0x95bc0000,0x969c0000)
 ParOldGen       total 46336K, used 36534K [0x69600000, 0x6c340000, 0x92780000)
  object space 46336K, 78% used [0x69600000,0x6b9adb60,0x6c340000)
 Metaspace       used 21494K, capacity 22275K, committed 22400K, reserved 22832K
Event: 7172.842 GC heap after
Heap after GC invocations=15 (full 1):
 PSYoungGen      total 50432K, used 556K [0x92780000, 0x96840000, 0xa7000000)
  eden space 37632K, 0% used [0x92780000,0x92780000,0x94c40000)
  from space 12800K, 4% used [0x95bc0000,0x95c4b280,0x96840000)
  to   space 14336K, 0% used [0x94c40000,0x94c40000,0x95a40000)
 ParOldGen       total 46336K, used 36538K [0x69600000, 0x6c340000, 0x92780000)
  object space 46336K, 78% used [0x69600000,0x6b9aeb60,0x6c340000)
 Metaspace       used 21494K, capacity 22275K, committed 22400K, reserved 22832K
}
Event: 9973.377 GC heap before
{Heap before GC invocations=16 (full 1):
 PSYoungGen      total 50432K, used 38188K [0x92780000, 0x96840000, 0xa7000000)
  eden space 37632K, 100% used [0x92780000,0x94c40000,0x94c40000)
  from space 12800K, 4% used [0x95bc0000,0x95c4b280,0x96840000)
  to   space 14336K, 0% used [0x94c40000,0x94c40000,0x95a40000)
 ParOldGen       total 46336K, used 36538K [0x69600000, 0x6c340000, 0x92780000)
  object space 46336K, 78% used [0x69600000,0x6b9aeb60,0x6c340000)
 Metaspace       used 21599K, capacity 22371K, committed 22400K, reserved 22832K
Event: 9973.384 GC heap after
Heap after GC invocations=16 (full 1):
 PSYoungGen      total 37120K, used 414K [0x92780000, 0x966c0000, 0xa7000000)
  eden space 36608K, 0% used [0x92780000,0x92780000,0x94b40000)
  from space 512K, 81% used [0x94c40000,0x94ca7bf8,0x94cc0000)
  to   space 14080K, 0% used [0x95900000,0x95900000,0x966c0000)
 ParOldGen       total 46336K, used 36542K [0x69600000, 0x6c340000, 0x92780000)
  object space 46336K, 78% used [0x69600000,0x6b9afb60,0x6c340000)
 Metaspace       used 21599K, capacity 22371K, committed 22400K, reserved 22832K
}
Event: 12733.522 GC heap before
{Heap before GC invocations=17 (full 1):
 PSYoungGen      total 37120K, used 37022K [0x92780000, 0x966c0000, 0xa7000000)
  eden space 36608K, 100% used [0x92780000,0x94b40000,0x94b40000)
  from space 512K, 81% used [0x94c40000,0x94ca7bf8,0x94cc0000)
  to   space 14080K, 0% used [0x95900000,0x95900000,0x966c0000)
 ParOldGen       total 46336K, used 36542K [0x69600000, 0x6c340000, 0x92780000)
  object space 46336K, 78% used [0x69600000,0x6b9afb60,0x6c340000)
 Metaspace       used 21680K, capacity 22439K, committed 22528K, reserved 22832K
Event: 12733.529 GC heap after
Heap after GC invocations=17 (full 1):
 PSYoungGen      total 48640K, used 445K [0x92780000, 0x965c0000, 0xa7000000)
  eden space 35584K, 0% used [0x92780000,0x92780000,0x94a40000)
  from space 13056K, 3% used [0x95900000,0x9596f7d8,0x965c0000)
  to   space 14080K, 0% used [0x94a40000,0x94a40000,0x95800000)
 ParOldGen       total 46336K, used 36546K [0x69600000, 0x6c340000, 0x92780000)
  object space 46336K, 78% used [0x69600000,0x6b9b0b60,0x6c340000)
 Metaspace       used 21680K, capacity 22439K, committed 22528K, reserved 22832K
}

Deoptimization events (10 events):
Event: 1532.099 Thread 0x6579b400 Uncommon trap: reason=bimorphic action=maybe_recompile pc=0xa7d27560 method=java.util.regex.Pattern$Ques.match(Ljava/util/regex/Matcher;ILjava/lang/CharSequence;)Z @ 55
Event: 3292.808 Thread 0x6579a800 Uncommon trap: reason=bimorphic action=maybe_recompile pc=0xa7a5c538 method=javax.swing.text.SimpleAttributeSet.addAttributes(Ljavax/swing/text/AttributeSet;)V @ 8
Event: 3582.486 Thread 0x642cf400 Uncommon trap: reason=unstable_if action=reinterpret pc=0xa8395284 method=java.util.TreeMap.get(Ljava/lang/Object;)Ljava/lang/Object; @ 7
Event: 5732.684 Thread 0x6579b400 Uncommon trap: reason=predicate action=maybe_recompile pc=0xa8473144 method=com.sun.speech.freetts.en.us.FeatureProcessors$StressedSylOut.process(Lcom/sun/speech/freetts/Item;)Ljava/lang/String; @ 31
Event: 5732.684 Thread 0x6579b400 Uncommon trap: reason=unstable_if action=reinterpret pc=0xa7a7dd1c method=com.sun.speech.freetts.Item.equalsShared(Lcom/sun/speech/freetts/Item;)Z @ 1
Event: 5732.684 Thread 0x6579b400 Uncommon trap: reason=predicate action=maybe_recompile pc=0xa840c67c method=com.sun.speech.freetts.en.us.FeatureProcessors$SylOut.process(Lcom/sun/speech/freetts/Item;)Ljava/lang/String; @ 28
Event: 6772.792 Thread 0x653e0800 Uncommon trap: reason=bimorphic action=maybe_recompile pc=0xa7d27560 method=java.util.regex.Pattern$Ques.match(Ljava/util/regex/Matcher;ILjava/lang/CharSequence;)Z @ 55
Event: 11013.401 Thread 0x6579a800 Uncommon trap: reason=unstable_if action=reinterpret pc=0xa8702d44 method=sun.font.XRTextRenderer.drawGlyphList(Lsun/java2d/SunGraphics2D;Lsun/font/GlyphList;)V @ 198
Event: 14997.080 Thread 0x642cf400 Uncommon trap: reason=unstable_if action=reinterpret pc=0xa855d248 method=sun.awt.X11.XDropTargetEventProcessor.doProcessEvent(Lsun/awt/X11/XEvent;)Z @ 6
Event: 14997.080 Thread 0x642cf400 Uncommon trap: reason=bimorphic action=maybe_recompile pc=0xa8579540 method=sun.awt.X11.XToolkit.dispatchEvent(Lsun/awt/X11/XEvent;)V @ 167

Internal exceptions (10 events):
Event: 50.764 Thread 0xb6507800 Exception <a 'java/lang/ClassNotFoundException': SearchNews$2Customizer> (0x93dcd930) thrown at [/HUDSON/workspace/8-2-build-linux-i586/jdk8u151/9699/hotspot/src/share/vm/classfile/systemDictionary.cpp, line 210]
Event: 538.270 Thread 0x6579a800 Exception <a 'java/lang/ClassNotFoundException': javax/swing/event/HyperlinkEventBeanInfo> (0x93e5db70) thrown at [/HUDSON/workspace/8-2-build-linux-i586/jdk8u151/9699/hotspot/src/share/vm/classfile/systemDictionary.cpp, line 210]
Event: 538.271 Thread 0x6579a800 Exception <a 'java/lang/ClassNotFoundException': java/util/EventObjectBeanInfo> (0x93e68660) thrown at [/HUDSON/workspace/8-2-build-linux-i586/jdk8u151/9699/hotspot/src/share/vm/classfile/systemDictionary.cpp, line 210]
Event: 538.271 Thread 0x6579a800 Exception <a 'java/lang/ClassNotFoundException': java/util/EventObjectCustomizer> (0x93e73750) thrown at [/HUDSON/workspace/8-2-build-linux-i586/jdk8u151/9699/hotspot/src/share/vm/classfile/systemDictionary.cpp, line 210]
Event: 538.271 Thread 0x6579a800 Exception <a 'java/lang/ClassNotFoundException': javax/swing/event/HyperlinkEventCustomizer> (0x93e825d8) thrown at [/HUDSON/workspace/8-2-build-linux-i586/jdk8u151/9699/hotspot/src/share/vm/classfile/systemDictionary.cpp, line 210]
Event: 538.274 Thread 0x6579a800 Exception <a 'java/lang/ClassNotFoundException': javax/swing/event/HyperlinkEvent$EventTypeBeanInfo> (0x93eaa028) thrown at [/HUDSON/workspace/8-2-build-linux-i586/jdk8u151/9699/hotspot/src/share/vm/classfile/systemDictionary.cpp, line 210]
Event: 538.274 Thread 0x6579a800 Exception <a 'java/lang/ClassNotFoundException': javax/swing/event/HyperlinkEvent$EventTypeCustomizer> (0x93eb8138) thrown at [/HUDSON/workspace/8-2-build-linux-i586/jdk8u151/9699/hotspot/src/share/vm/classfile/systemDictionary.cpp, line 210]
Event: 5732.684 Thread 0x6579b400 Implicit null exception at 0xa847237f to 0xa8473131
Event: 5732.684 Thread 0x6579b400 Implicit null exception at 0xa7a7dcd7 to 0xa7a7dd09
Event: 5732.684 Thread 0x6579b400 Implicit null exception at 0xa840bf4c to 0xa840c66d

Events (10 events):
Event: 14997.080 Executing VM operation: RevokeBias done
Event: 14997.080 Thread 0x642cf400 Uncommon trap: trap_request=0xffffffc6 fr.pc=0xa8579540
Event: 14997.080 Thread 0x642cf400 DEOPT PACKING pc=0xa8579540 sp=0x635dbcf0
Event: 14997.080 Thread 0x642cf400 DEOPT UNPACKING pc=0xa753ae55 sp=0x635dbcfc mode 2
Event: 14997.080 loading class sun/awt/X11/XDestroyWindowEvent
Event: 14997.174 loading class sun/awt/X11/XDestroyWindowEvent done
Event: 14997.174 Executing VM operation: RevokeBias
Event: 14997.174 Executing VM operation: RevokeBias done
Event: 14997.175 Executing VM operation: RevokeBias
Event: 14997.175 Executing VM operation: RevokeBias done


Dynamic libraries:
08048000-08049000 r-xp 00000000 08:06 4072966    /usr/lib/jvm/java-8-oracle/bin/java
08049000-0804a000 rw-p 00000000 08:06 4072966    /usr/lib/jvm/java-8-oracle/bin/java
09621000-09863000 rw-p 00000000 00:00 0          [heap]
5cefe000-5ceff000 ---p 00000000 00:00 0 
5ceff000-5d6ff000 rw-p 00000000 00:00 0 
61a00000-61a9d000 rw-p 00000000 00:00 0 
61a9d000-61b00000 ---p 00000000 00:00 0 
61b00000-61bc0000 rw-p 00000000 00:00 0 
61bc0000-61c00000 ---p 00000000 00:00 0 
61c00000-61cf9000 rw-p 00000000 00:00 0 
61cf9000-61d00000 ---p 00000000 00:00 0 
61da7000-61f0d000 r-xp 00000000 08:06 3676318    /usr/lib/i386-linux-gnu/libvorbisenc.so.2.0.8
61f0d000-61f1e000 r--p 00165000 08:06 3676318    /usr/lib/i386-linux-gnu/libvorbisenc.so.2.0.8
61f1e000-61f1f000 rw-p 00176000 08:06 3676318    /usr/lib/i386-linux-gnu/libvorbisenc.so.2.0.8
61f1f000-61f8a000 r-xp 00000000 08:06 3678041    /usr/lib/i386-linux-gnu/libsndfile.so.1.0.25
61f8a000-61f8b000 ---p 0006b000 08:06 3678041    /usr/lib/i386-linux-gnu/libsndfile.so.1.0.25
61f8b000-61f8c000 r--p 0006b000 08:06 3678041    /usr/lib/i386-linux-gnu/libsndfile.so.1.0.25
61f8c000-61f8d000 rw-p 0006c000 08:06 3678041    /usr/lib/i386-linux-gnu/libsndfile.so.1.0.25
61f8d000-61f91000 rw-p 00000000 00:00 0 
61f91000-61ffe000 r-xp 00000000 08:06 3677800    /usr/lib/i386-linux-gnu/pulseaudio/libpulsecommon-4.0.so
61ffe000-61fff000 r--p 0006c000 08:06 3677800    /usr/lib/i386-linux-gnu/pulseaudio/libpulsecommon-4.0.so
61fff000-62000000 rw-p 0006d000 08:06 3677800    /usr/lib/i386-linux-gnu/pulseaudio/libpulsecommon-4.0.so
62000000-62100000 rw-p 00000000 00:00 0 
62112000-6215b000 r-xp 00000000 08:06 394338     /lib/i386-linux-gnu/libdbus-1.so.3.7.6
6215b000-6215c000 r--p 00048000 08:06 394338     /lib/i386-linux-gnu/libdbus-1.so.3.7.6
6215c000-6215d000 rw-p 00049000 08:06 394338     /lib/i386-linux-gnu/libdbus-1.so.3.7.6
6215d000-621aa000 r-xp 00000000 08:06 3677670    /usr/lib/i386-linux-gnu/libpulse.so.0.16.2
621aa000-621ab000 r--p 0004c000 08:06 3677670    /usr/lib/i386-linux-gnu/libpulse.so.0.16.2
621ab000-621ac000 rw-p 0004d000 08:06 3677670    /usr/lib/i386-linux-gnu/libpulse.so.0.16.2
62232000-62235000 ---p 00000000 00:00 0 
62235000-62283000 rw-p 00000000 00:00 0          [stack:3711]
62297000-622f8000 r-xp 00000000 08:06 4465614    /usr/lib/jvm/java-8-oracle/jre/lib/i386/libt2k.so
622f8000-622fc000 rw-p 00060000 08:06 4465614    /usr/lib/jvm/java-8-oracle/jre/lib/i386/libt2k.so
622fc000-62400000 rw-p 00000000 00:00 0 
62400000-625fb000 rw-p 00000000 00:00 0 
625fb000-62600000 ---p 00000000 00:00 0 
62600000-62800000 rw-p 00000000 00:00 0 
62800000-62900000 rw-p 00000000 00:00 0 
6290a000-629fb000 r-xp 00000000 08:06 3674909    /usr/lib/i386-linux-gnu/libasound.so.2.0.0
629fb000-629ff000 r--p 000f0000 08:06 3674909    /usr/lib/i386-linux-gnu/libasound.so.2.0.0
629ff000-62a00000 rw-p 000f4000 08:06 3674909    /usr/lib/i386-linux-gnu/libasound.so.2.0.0
62a00000-62afe000 rw-p 00000000 00:00 0 
62afe000-62b00000 ---p 00000000 00:00 0 
62b00000-62bf9000 rw-p 00000000 00:00 0 
62bf9000-62c00000 ---p 00000000 00:00 0 
62c00000-62d00000 rw-p 00000000 00:00 0 
62d00000-62d32000 rw-p 00000000 00:00 0 
62d32000-62e00000 ---p 00000000 00:00 0 
62e00000-62f00000 rw-p 00000000 00:00 0 
62f00000-62ffe000 rw-p 00000000 00:00 0 
62ffe000-63000000 ---p 00000000 00:00 0 
63004000-6300b000 r-xp 00000000 08:06 3677507    /usr/lib/i386-linux-gnu/libogg.so.0.8.1
6300b000-6300c000 r--p 00006000 08:06 3677507    /usr/lib/i386-linux-gnu/libogg.so.0.8.1
6300c000-6300d000 rw-p 00007000 08:06 3677507    /usr/lib/i386-linux-gnu/libogg.so.0.8.1
6300d000-63010000 ---p 00000000 00:00 0 
63010000-6305e000 rw-p 00000000 00:00 0          [stack:5603]
6305e000-63061000 ---p 00000000 00:00 0 
63061000-631af000 rw-p 00000000 00:00 0          [stack:3698]
631af000-631b2000 ---p 00000000 00:00 0 
631b2000-63200000 rw-p 00000000 00:00 0          [stack:3540]
63200000-63300000 rw-p 00000000 00:00 0 
63307000-63339000 r-xp 00000000 08:06 3670786    /usr/lib/i386-linux-gnu/libFLAC.so.8.3.0
63339000-6333a000 r--p 00031000 08:06 3670786    /usr/lib/i386-linux-gnu/libFLAC.so.8.3.0
6333a000-6333b000 rw-p 00032000 08:06 3670786    /usr/lib/i386-linux-gnu/libFLAC.so.8.3.0
6333b000-6333e000 ---p 00000000 00:00 0 
6333e000-6348c000 rw-p 00000000 00:00 0          [stack:3697]
6348c000-63586000 rw-p 00000000 00:00 0 
63586000-6358c000 ---p 00000000 00:00 0 
6358c000-6358f000 ---p 00000000 00:00 0 
6358f000-636dd000 rw-p 00000000 00:00 0          [stack:3537]
636dd000-637dd000 rw-p 00000000 00:00 0 
637e2000-6380b000 r-xp 00000000 08:06 3677685    /usr/lib/i386-linux-gnu/libvorbis.so.0.4.5
6380b000-6380c000 ---p 00029000 08:06 3677685    /usr/lib/i386-linux-gnu/libvorbis.so.0.4.5
6380c000-6380d000 r--p 00029000 08:06 3677685    /usr/lib/i386-linux-gnu/libvorbis.so.0.4.5
6380d000-6380e000 rw-p 0002a000 08:06 3677685    /usr/lib/i386-linux-gnu/libvorbis.so.0.4.5
6380e000-63870000 r-xp 00000000 08:06 4465595    /usr/lib/jvm/java-8-oracle/jre/lib/i386/libfontmanager.so
63870000-63873000 rw-p 00061000 08:06 4465595    /usr/lib/jvm/java-8-oracle/jre/lib/i386/libfontmanager.so
63873000-63877000 rw-p 00000000 00:00 0 
6387f000-63887000 r-xp 00000000 08:06 394511     /lib/i386-linux-gnu/libwrap.so.0.7.6
63887000-63888000 r--p 00007000 08:06 394511     /lib/i386-linux-gnu/libwrap.so.0.7.6
63888000-63889000 rw-p 00008000 08:06 394511     /lib/i386-linux-gnu/libwrap.so.0.7.6
63889000-63892000 r-xp 00000000 08:06 394395     /lib/i386-linux-gnu/libjson-c.so.2.0.0
63892000-63893000 r--p 00008000 08:06 394395     /lib/i386-linux-gnu/libjson-c.so.2.0.0
63893000-63894000 rw-p 00009000 08:06 394395     /lib/i386-linux-gnu/libjson-c.so.2.0.0
638a1000-638a6000 r-xp 00000000 08:06 3674916    /usr/lib/i386-linux-gnu/alsa-lib/libasound_module_pcm_pulse.so
638a6000-638a7000 r--p 00004000 08:06 3674916    /usr/lib/i386-linux-gnu/alsa-lib/libasound_module_pcm_pulse.so
638a7000-638a8000 rw-p 00005000 08:06 3674916    /usr/lib/i386-linux-gnu/alsa-lib/libasound_module_pcm_pulse.so
638a8000-638af000 r--s 00000000 08:06 3678474    /usr/lib/i386-linux-gnu/gconv/gconv-modules.cache
638af000-638b2000 ---p 00000000 00:00 0 
638b2000-63a00000 rw-p 00000000 00:00 0          [stack:3536]
63a00000-63b00000 rw-p 00000000 00:00 0 
63b00000-63bfe000 rw-p 00000000 00:00 0 
63bfe000-63c00000 ---p 00000000 00:00 0 
63c04000-63c0d000 r-xp 00000000 08:06 3675330    /usr/lib/i386-linux-gnu/libXcursor.so.1.0.2
63c0d000-63c0e000 r--p 00008000 08:06 3675330    /usr/lib/i386-linux-gnu/libXcursor.so.1.0.2
63c0e000-63c0f000 rw-p 00009000 08:06 3675330    /usr/lib/i386-linux-gnu/libXcursor.so.1.0.2
63c0f000-63c22000 r-xp 00000000 08:06 397881     /lib/i386-linux-gnu/libresolv-2.19.so
63c22000-63c23000 ---p 00013000 08:06 397881     /lib/i386-linux-gnu/libresolv-2.19.so
63c23000-63c24000 r--p 00013000 08:06 397881     /lib/i386-linux-gnu/libresolv-2.19.so
63c24000-63c25000 rw-p 00014000 08:06 397881     /lib/i386-linux-gnu/libresolv-2.19.so
63c25000-63c27000 rw-p 00000000 00:00 0 
63c28000-63c2d000 r-xp 00000000 08:06 3673442    /usr/lib/i386-linux-gnu/libasyncns.so.0.3.1
63c2d000-63c2e000 r--p 00004000 08:06 3673442    /usr/lib/i386-linux-gnu/libasyncns.so.0.3.1
63c2e000-63c2f000 rw-p 00005000 08:06 3673442    /usr/lib/i386-linux-gnu/libasyncns.so.0.3.1
63c32000-63c3f000 r-xp 00000000 08:06 4465611    /usr/lib/jvm/java-8-oracle/jre/lib/i386/libjsoundalsa.so
63c3f000-63c40000 rw-p 0000d000 08:06 4465611    /usr/lib/jvm/java-8-oracle/jre/lib/i386/libjsoundalsa.so
63c40000-63c41000 r-xp 00000000 08:06 4465608    /usr/lib/jvm/java-8-oracle/jre/lib/i386/libjsound.so
63c41000-63c42000 rw-p 00000000 08:06 4465608    /usr/lib/jvm/java-8-oracle/jre/lib/i386/libjsound.so
63c42000-63c75000 r-xp 00000000 08:06 4465634    /usr/lib/jvm/java-8-oracle/jre/lib/i386/libsunec.so
63c75000-63c79000 rw-p 00032000 08:06 4465634    /usr/lib/jvm/java-8-oracle/jre/lib/i386/libsunec.so
63c79000-63c7d000 rw-p 00000000 00:00 0 
63c7d000-63dad000 r-xp 00000000 08:06 3673204    /usr/lib/i386-linux-gnu/libX11.so.6.3.0
63dad000-63dae000 r--p 00130000 08:06 3673204    /usr/lib/i386-linux-gnu/libX11.so.6.3.0
63dae000-63db0000 rw-p 00131000 08:06 3673204    /usr/lib/i386-linux-gnu/libX11.so.6.3.0
63db0000-63db1000 rw-p 00000000 00:00 0 
63db1000-63dfd000 r-xp 00000000 08:06 4465589    /usr/lib/jvm/java-8-oracle/jre/lib/i386/libawt_xawt.so
63dfd000-63dff000 rw-p 0004c000 08:06 4465589    /usr/lib/jvm/java-8-oracle/jre/lib/i386/libawt_xawt.so
63dff000-63e00000 rw-p 00000000 00:00 0 
63e00000-63efc000 rw-p 00000000 00:00 0 
63efc000-63f00000 ---p 00000000 00:00 0 
63f00000-64000000 rw-p 00000000 00:00 0 
64000000-64100000 rw-p 00000000 00:00 0 
64100000-64200000 rw-p 00000000 00:00 0 
64200000-64300000 rw-p 00000000 00:00 0 
64300000-64302000 r--s 0000b000 08:03 220106     /media/administrator/I/SETUPS/freetts-1.2.2-bin/freetts-1.2/lib/jsapi.jar
64302000-64305000 r--s 000d1000 08:03 220095     /media/administrator/I/SETUPS/freetts-1.2.2-bin/freetts-1.2/lib/en_us.jar
64305000-64321000 r-xp 00000000 08:06 394369     /lib/i386-linux-gnu/libgcc_s.so.1
64321000-64322000 rw-p 0001b000 08:06 394369     /lib/i386-linux-gnu/libgcc_s.so.1
64322000-64342000 r-xp 00000000 08:06 3675327    /usr/lib/i386-linux-gnu/libxcb.so.1.1.0
64342000-64343000 r--p 0001f000 08:06 3675327    /usr/lib/i386-linux-gnu/libxcb.so.1.1.0
64343000-64344000 rw-p 00020000 08:06 3675327    /usr/lib/i386-linux-gnu/libxcb.so.1.1.0
64344000-643ca000 r-xp 00000000 08:06 4465585    /usr/lib/jvm/java-8-oracle/jre/lib/i386/libawt.so
643ca000-643d1000 rw-p 00086000 08:06 4465585    /usr/lib/jvm/java-8-oracle/jre/lib/i386/libawt.so
643d1000-644f5000 rw-p 00000000 00:00 0 
644f5000-644f7000 r--s 0000c000 08:03 220096     /media/administrator/I/SETUPS/freetts-1.2.2-bin/freetts-1.2/lib/freetts-jsapi10.jar
644f7000-644fb000 r-xp 00000000 08:06 3675338    /usr/lib/i386-linux-gnu/libXfixes.so.3.1.0
644fb000-644fc000 r--p 00003000 08:06 3675338    /usr/lib/i386-linux-gnu/libXfixes.so.3.1.0
644fc000-644fd000 rw-p 00004000 08:06 3675338    /usr/lib/i386-linux-gnu/libXfixes.so.3.1.0
644fd000-64502000 r-xp 00000000 08:06 397869     /lib/i386-linux-gnu/libnss_dns-2.19.so
64502000-64503000 r--p 00004000 08:06 397869     /lib/i386-linux-gnu/libnss_dns-2.19.so
64503000-64504000 rw-p 00005000 08:06 397869     /lib/i386-linux-gnu/libnss_dns-2.19.so
64504000-64512000 r-xp 00000000 08:06 3675344    /usr/lib/i386-linux-gnu/libXi.so.6.1.0
64512000-64513000 r--p 0000e000 08:06 3675344    /usr/lib/i386-linux-gnu/libXi.so.6.1.0
64513000-64514000 rw-p 0000f000 08:06 3675344    /usr/lib/i386-linux-gnu/libXi.so.6.1.0
64514000-64525000 r-xp 00000000 08:06 3678157    /usr/lib/i386-linux-gnu/libXext.so.6.4.0
64525000-64526000 r--p 00010000 08:06 3678157    /usr/lib/i386-linux-gnu/libXext.so.6.4.0
64526000-64527000 rw-p 00011000 08:06 3678157    /usr/lib/i386-linux-gnu/libXext.so.6.4.0
64527000-64529000 r--s 004ab000 08:03 220091     /media/administrator/I/SETUPS/freetts-1.2.2-bin/freetts-1.2/lib/cmu_us_kal.jar
64529000-6452b000 r-xp 00000000 08:06 394497     /lib/i386-linux-gnu/libnss_mdns4_minimal.so.2
6452b000-6452c000 r--p 00001000 08:06 394497     /lib/i386-linux-gnu/libnss_mdns4_minimal.so.2
6452c000-6452d000 rw-p 00002000 08:06 394497     /lib/i386-linux-gnu/libnss_mdns4_minimal.so.2
6452d000-64532000 r--s 0003e000 08:06 4073528    /usr/lib/jvm/java-8-oracle/jre/lib/ext/sunjce_provider.jar
64532000-64541000 r-xp 00000000 08:06 4465590    /usr/lib/jvm/java-8-oracle/jre/lib/i386/libnio.so
64541000-64542000 rw-p 0000e000 08:06 4465590    /usr/lib/jvm/java-8-oracle/jre/lib/i386/libnio.so
64542000-6455e000 r--s 00393000 08:06 4073529    /usr/lib/jvm/java-8-oracle/jre/lib/ext/cldrdata.jar
6455e000-64561000 ---p 00000000 00:00 0 
64561000-645af000 rw-p 00000000 00:00 0 
645af000-645b2000 ---p 00000000 00:00 0 
645b2000-64600000 rw-p 00000000 00:00 0          [stack:3534]
64600000-64700000 rw-p 00000000 00:00 0 
64700000-647f4000 rw-p 00000000 00:00 0 
647f4000-64800000 ---p 00000000 00:00 0 
64800000-64900000 rw-p 00000000 00:00 0 
64900000-649fd000 rw-p 00000000 00:00 0 
649fd000-64a00000 ---p 00000000 00:00 0 
64a00000-64af0000 rw-p 00000000 00:00 0 
64af0000-64b00000 ---p 00000000 00:00 0 
64b00000-64bfa000 rw-p 00000000 00:00 0 
64bfa000-64c00000 ---p 00000000 00:00 0 
64c00000-64d00000 rw-p 00000000 00:00 0 
64d00000-64dfc000 rw-p 00000000 00:00 0 
64dfc000-64e00000 ---p 00000000 00:00 0 
64e00000-64efe000 rw-p 00000000 00:00 0 
64efe000-64f00000 ---p 00000000 00:00 0 
64f00000-64ff9000 rw-p 00000000 00:00 0 
64ff9000-65000000 ---p 00000000 00:00 0 
65000000-650f8000 rw-p 00000000 00:00 0 
650f8000-65100000 ---p 00000000 00:00 0 
65100000-65200000 rw-p 00000000 00:00 0 
65200000-65300000 rw-p 00000000 00:00 0 
65300000-65400000 rw-p 00000000 00:00 0 
65400000-65500000 rw-p 00000000 00:00 0 
65500000-65600000 rw-p 00000000 00:00 0 
65600000-65700000 rw-p 00000000 00:00 0 
65700000-65800000 rw-p 00000000 00:00 0 
65800000-658f9000 rw-p 00000000 00:00 0 
658f9000-65900000 ---p 00000000 00:00 0 
65900000-659ff000 rw-p 00000000 00:00 0 
659ff000-65a00000 ---p 00000000 00:00 0 
65a00000-65a01000 r--s 00002000 08:03 220100     /media/administrator/I/SETUPS/freetts-1.2.2-bin/freetts-1.2/lib/mbrola.jar
65a01000-65a02000 r--s 001a4000 08:03 220090     /media/administrator/I/SETUPS/freetts-1.2.2-bin/freetts-1.2/lib/cmu_time_awb.jar
65a02000-65a03000 r--s 00000000 08:03 220094     /media/administrator/I/SETUPS/freetts-1.2.2-bin/freetts-1.2/lib/cmutimelex.jar
65a03000-65a08000 r-xp 00000000 08:06 3675334    /usr/lib/i386-linux-gnu/libXdmcp.so.6.0.0
65a08000-65a09000 r--p 00004000 08:06 3675334    /usr/lib/i386-linux-gnu/libXdmcp.so.6.0.0
65a09000-65a0a000 rw-p 00005000 08:06 3675334    /usr/lib/i386-linux-gnu/libXdmcp.so.6.0.0
65a0a000-65a0f000 r-xp 00000000 08:06 3678206    /usr/lib/i386-linux-gnu/libXtst.so.6.1.0
65a0f000-65a10000 r--p 00004000 08:06 3678206    /usr/lib/i386-linux-gnu/libXtst.so.6.1.0
65a10000-65a11000 rw-p 00005000 08:06 3678206    /usr/lib/i386-linux-gnu/libXtst.so.6.1.0
65a11000-65a26000 r-xp 00000000 08:06 4465609    /usr/lib/jvm/java-8-oracle/jre/lib/i386/libnet.so
65a26000-65a27000 rw-p 00015000 08:06 4465609    /usr/lib/jvm/java-8-oracle/jre/lib/i386/libnet.so
65a27000-65a3a000 r--s 00345000 08:06 3943236    /usr/lib/jvm/java-8-oracle/jre/lib/resources.jar
65a3a000-65ab4000 r--s 010f7000 08:06 4073522    /usr/lib/jvm/java-8-oracle/lib/tools.jar
65ab4000-65b09000 r--s 004e7000 08:06 5259087    /usr/share/groovy/lib/groovy-1.8.6.jar
65b09000-65b0a000 ---p 00000000 00:00 0 
65b0a000-65b8a000 rw-p 00000000 00:00 0          [stack:3533]
65b8a000-65b8d000 ---p 00000000 00:00 0 
65b8d000-65bdb000 rw-p 00000000 00:00 0          [stack:3532]
65bdb000-65bde000 ---p 00000000 00:00 0 
65bde000-65c5c000 rw-p 00000000 00:00 0          [stack:3531]
65c5c000-65c5f000 ---p 00000000 00:00 0 
65c5f000-65cdd000 rw-p 00000000 00:00 0          [stack:3530]
65cdd000-65ce0000 ---p 00000000 00:00 0 
65ce0000-65d5e000 rw-p 00000000 00:00 0          [stack:3529]
65d5e000-65d61000 ---p 00000000 00:00 0 
65d61000-65daf000 rw-p 00000000 00:00 0          [stack:3528]
65daf000-65faf000 r--p 00000000 08:06 3678418    /usr/lib/locale/locale-archive
65faf000-65fb2000 ---p 00000000 00:00 0 
65fb2000-66000000 rw-p 00000000 00:00 0          [stack:3527]
66000000-660fd000 rw-p 00000000 00:00 0 
660fd000-66100000 ---p 00000000 00:00 0 
66100000-66121000 rw-p 00000000 00:00 0 
66121000-66200000 ---p 00000000 00:00 0 
66200000-66300000 rw-p 00000000 00:00 0 
66300000-66301000 r--s 00092000 08:03 220093     /media/administrator/I/SETUPS/freetts-1.2.2-bin/freetts-1.2/lib/cmulex.jar
66301000-66303000 r-xp 00000000 08:06 3676357    /usr/lib/i386-linux-gnu/libXau.so.6.0.0
66303000-66304000 r--p 00001000 08:06 3676357    /usr/lib/i386-linux-gnu/libXau.so.6.0.0
66304000-66305000 rw-p 00002000 08:06 3676357    /usr/lib/i386-linux-gnu/libXau.so.6.0.0
66305000-6630e000 r-xp 00000000 08:06 3675358    /usr/lib/i386-linux-gnu/libXrender.so.1.3.0
6630e000-6630f000 r--p 00008000 08:06 3675358    /usr/lib/i386-linux-gnu/libXrender.so.1.3.0
6630f000-66310000 rw-p 00009000 08:06 3675358    /usr/lib/i386-linux-gnu/libXrender.so.1.3.0
66310000-66313000 ---p 00000000 00:00 0 
66313000-66361000 rw-p 00000000 00:00 0          [stack:3526]
66361000-66362000 ---p 00000000 00:00 0 
66362000-66431000 rw-p 00000000 00:00 0          [stack:3525]
66431000-6660a000 r--s 03d5a000 08:06 3943239    /usr/lib/jvm/java-8-oracle/jre/lib/rt.jar
6660a000-66a50000 rw-p 00000000 00:00 0 
66a50000-66a56000 ---p 00000000 00:00 0 
66a56000-68d00000 rw-p 00000000 00:00 0 
68d00000-68dfd000 rw-p 00000000 00:00 0 
68dfd000-68e00000 ---p 00000000 00:00 0 
68e00000-68e05000 r--s 002f9000 08:06 3943261    /usr/lib/jvm/java-8-oracle/jre/lib/charsets.jar
68e05000-68e0f000 r--s 00116000 08:06 4073526    /usr/lib/jvm/java-8-oracle/jre/lib/ext/localedata.jar
68e0f000-68e24000 r--s 00114000 08:06 4071454    /usr/share/java/ivy-2.3.0.jar
68e24000-68e7f000 rw-p 00000000 00:00 0 
68e7f000-68e80000 ---p 00000000 00:00 0 
68e80000-68f00000 rw-p 00000000 00:00 0          [stack:3524]
68f00000-68f84000 rw-p 00000000 00:00 0 
68f84000-69000000 ---p 00000000 00:00 0 
69000000-690fc000 rw-p 00000000 00:00 0 
690fc000-69100000 ---p 00000000 00:00 0 
69100000-69157000 rw-p 00000000 00:00 0 
69157000-69200000 ---p 00000000 00:00 0 
69200000-69201000 r--s 000da000 08:03 220092     /media/administrator/I/SETUPS/freetts-1.2.2-bin/freetts-1.2/lib/cmudict04.jar
69201000-69203000 r--s 00009000 08:06 4073527    /usr/lib/jvm/java-8-oracle/jre/lib/ext/sunec.jar
69203000-69206000 r--s 0001a000 08:06 3943226    /usr/lib/jvm/java-8-oracle/jre/lib/jce.jar
69206000-6920b000 r--s 0009a000 08:06 3943232    /usr/lib/jvm/java-8-oracle/jre/lib/jsse.jar
6920b000-6920d000 r--s 00007000 08:06 4071448    /usr/share/java/regexp-1.5.jar
6920d000-6922c000 r--s 001cc000 08:06 4071221    /usr/share/java/ant-1.9.3.jar
6922c000-69248000 r--s 00364000 08:06 4071962    /usr/share/java/CodeNarc-0.17.jar
69248000-69249000 ---p 00000000 00:00 0 
69249000-692e0000 rw-p 00000000 00:00 0          [stack:3523]
692e0000-69412000 ---p 00000000 00:00 0 
69412000-69429000 rw-p 00000000 00:00 0 
69429000-6955a000 ---p 00000000 00:00 0 
6955a000-6957a000 rw-p 00000000 00:00 0 
6957a000-695ff000 ---p 00000000 00:00 0 
695ff000-6c340000 rw-p 00000000 00:00 0 
6c340000-92780000 ---p 00000000 00:00 0 
92780000-965c0000 rw-p 00000000 00:00 0 
965c0000-a7000000 ---p 00000000 00:00 0 
a7000000-a7002000 r--s 0000c000 08:06 4071446    /usr/share/java/mockobjects-core-0.09.jar
a7002000-a7004000 r--s 00008000 08:06 4071421    /usr/share/java/asm3-util-3.3.2.jar
a7004000-a700b000 r--s 00036000 08:06 4071444    /usr/share/java/junit4-4.11.jar
a700b000-a700e000 r--s 00010000 08:06 4071334    /usr/share/java/bsf-2.4.0.jar
a700e000-a7010000 r--s 0000f000 08:06 4071296    /usr/share/java/jline-1.0.jar
a7010000-a7019000 r--s 00091000 08:06 4071960    /usr/share/java/GMetrics-0.5.jar
a7019000-a7026000 r--s 00075000 08:06 4071450    /usr/share/java/xstream-1.4.7.jar
a7026000-a703e000 rw-p 00000000 00:00 0 
a703e000-a703f000 ---p 00000000 00:00 0 
a703f000-a70bf000 rw-p 00000000 00:00 0          [stack:3522]
a70bf000-a70c0000 ---p 00000000 00:00 0 
a70c0000-a718b000 rw-p 00000000 00:00 0          [stack:3521]
a718b000-a7500000 ---p 00000000 00:00 0 
a7500000-a87a8000 rwxp 00000000 00:00 0 
a87a8000-b6500000 ---p 00000000 00:00 0 
b6500000-b65fb000 rw-p 00000000 00:00 0 
b65fb000-b6600000 ---p 00000000 00:00 0 
b6600000-b6601000 r--s 0000d000 08:06 4071306    /usr/share/java/commons-logging-1.1.3.jar
b6601000-b6606000 r--s 00068000 08:06 4071262    /usr/share/java/antlr.jar
b6606000-b6620000 r-xp 00000000 08:06 4465643    /usr/lib/jvm/java-8-oracle/jre/lib/i386/libzip.so
b6620000-b6621000 rw-p 00019000 08:06 4465643    /usr/lib/jvm/java-8-oracle/jre/lib/i386/libzip.so
b6621000-b662c000 r-xp 00000000 08:06 397872     /lib/i386-linux-gnu/libnss_files-2.19.so
b662c000-b662d000 r--p 0000a000 08:06 397872     /lib/i386-linux-gnu/libnss_files-2.19.so
b662d000-b662e000 rw-p 0000b000 08:06 397872     /lib/i386-linux-gnu/libnss_files-2.19.so
b662e000-b6638000 r-xp 00000000 08:06 397876     /lib/i386-linux-gnu/libnss_nis-2.19.so
b6638000-b6639000 r--p 00009000 08:06 397876     /lib/i386-linux-gnu/libnss_nis-2.19.so
b6639000-b663a000 rw-p 0000a000 08:06 397876     /lib/i386-linux-gnu/libnss_nis-2.19.so
b663a000-b664f000 r-xp 00000000 08:06 397880     /lib/i386-linux-gnu/libnsl-2.19.so
b664f000-b6650000 r--p 00015000 08:06 397880     /lib/i386-linux-gnu/libnsl-2.19.so
b6650000-b6651000 rw-p 00016000 08:06 397880     /lib/i386-linux-gnu/libnsl-2.19.so
b6651000-b6653000 rw-p 00000000 00:00 0 
b6653000-b6654000 r--s 0000a000 08:06 4071418    /usr/share/java/asm3-3.3.2.jar
b6654000-b6656000 r--s 00007000 08:06 4071315    /usr/share/java/commons-cli-1.2.jar
b6656000-b6657000 r--s 00003000 08:06 4071456    /usr/share/java/hawtjni-runtime-1.1-SNAPSHOT.jar
b6657000-b6658000 r--s 00001000 08:06 4071460    /usr/share/java/jansi-native-1.0.jar
b6658000-b6659000 r--s 00005000 08:06 4071463    /usr/share/java/jansi-1.4.jar
b6659000-b665b000 r--s 00004000 08:06 4071416    /usr/share/java/asm3-tree-3.3.2.jar
b665b000-b665c000 r--s 00004000 08:06 4071222    /usr/share/java/ant-launcher-1.9.3.jar
b665c000-b665d000 r--s 00004000 08:06 4071420    /usr/share/java/asm3-analysis-3.3.2.jar
b665d000-b6660000 r--s 0001a000 08:06 4071241    /usr/share/java/ant-junit-1.9.3.jar
b6660000-b6666000 r--s 0007f000 08:03 130562     /media/administrator/I/SETUPS/mysql-connector-java-5.0.8/mysql-connector-java-5.0.8-bin.jar
b6666000-b666e000 rw-s 00000000 08:06 7341990    /tmp/hsperfdata_administrator/3506
b666e000-b6692000 r-xp 00000000 08:06 4465638    /usr/lib/jvm/java-8-oracle/jre/lib/i386/libjava.so
b6692000-b6693000 rw-p 00024000 08:06 4465638    /usr/lib/jvm/java-8-oracle/jre/lib/i386/libjava.so
b6693000-b669a000 r-xp 00000000 08:06 397866     /lib/i386-linux-gnu/librt-2.19.so
b669a000-b669b000 r--p 00006000 08:06 397866     /lib/i386-linux-gnu/librt-2.19.so
b669b000-b669c000 rw-p 00007000 08:06 397866     /lib/i386-linux-gnu/librt-2.19.so
b669c000-b669f000 ---p 00000000 00:00 0 
b669f000-b66ed000 rw-p 00000000 00:00 0          [stack:3519]
b66ed000-b6731000 r-xp 00000000 08:06 397870     /lib/i386-linux-gnu/libm-2.19.so
b6731000-b6732000 r--p 00043000 08:06 397870     /lib/i386-linux-gnu/libm-2.19.so
b6732000-b6733000 rw-p 00044000 08:06 397870     /lib/i386-linux-gnu/libm-2.19.so
b6733000-b70c4000 r-xp 00000000 08:06 4723763    /usr/lib/jvm/java-8-oracle/jre/lib/i386/server/libjvm.so
b70c4000-b7131000 rw-p 00991000 08:06 4723763    /usr/lib/jvm/java-8-oracle/jre/lib/i386/server/libjvm.so
b7131000-b755b000 rw-p 00000000 00:00 0 
b755b000-b7703000 r-xp 00000000 08:06 397878     /lib/i386-linux-gnu/libc-2.19.so
b7703000-b7705000 r--p 001a8000 08:06 397878     /lib/i386-linux-gnu/libc-2.19.so
b7705000-b7706000 rw-p 001aa000 08:06 397878     /lib/i386-linux-gnu/libc-2.19.so
b7706000-b7709000 rw-p 00000000 00:00 0 
b7709000-b770c000 r-xp 00000000 08:06 397884     /lib/i386-linux-gnu/libdl-2.19.so
b770c000-b770d000 r--p 00002000 08:06 397884     /lib/i386-linux-gnu/libdl-2.19.so
b770d000-b770e000 rw-p 00003000 08:06 397884     /lib/i386-linux-gnu/libdl-2.19.so
b770e000-b770f000 rw-p 00000000 00:00 0 
b770f000-b7724000 r-xp 00000000 08:06 4465455    /usr/lib/jvm/java-8-oracle/lib/i386/jli/libjli.so
b7724000-b7725000 rw-p 00014000 08:06 4465455    /usr/lib/jvm/java-8-oracle/lib/i386/jli/libjli.so
b7725000-b773d000 r-xp 00000000 08:06 397873     /lib/i386-linux-gnu/libpthread-2.19.so
b773d000-b773e000 r--p 00018000 08:06 397873     /lib/i386-linux-gnu/libpthread-2.19.so
b773e000-b773f000 rw-p 00019000 08:06 397873     /lib/i386-linux-gnu/libpthread-2.19.so
b773f000-b7741000 rw-p 00000000 00:00 0 
b7741000-b7744000 r--s 00030000 08:03 220097     /media/administrator/I/SETUPS/freetts-1.2.2-bin/freetts-1.2/lib/freetts.jar
b7744000-b7745000 r--p 00850000 08:06 3678418    /usr/lib/locale/locale-archive
b7745000-b774c000 r-xp 00000000 08:06 397879     /lib/i386-linux-gnu/libnss_compat-2.19.so
b774c000-b774d000 r--p 00006000 08:06 397879     /lib/i386-linux-gnu/libnss_compat-2.19.so
b774d000-b774e000 rw-p 00007000 08:06 397879     /lib/i386-linux-gnu/libnss_compat-2.19.so
b774e000-b774f000 rw-p 00000000 00:00 0 
b774f000-b7750000 r--p 00000000 00:00 0 
b7750000-b775b000 r-xp 00000000 08:06 4465586    /usr/lib/jvm/java-8-oracle/jre/lib/i386/libverify.so
b775b000-b775c000 rw-p 0000b000 08:06 4465586    /usr/lib/jvm/java-8-oracle/jre/lib/i386/libverify.so
b775c000-b775e000 rw-p 00000000 00:00 0 
b775e000-b7760000 r--p 00000000 00:00 0          [vvar]
b7760000-b7762000 r-xp 00000000 00:00 0          [vdso]
b7762000-b7782000 r-xp 00000000 08:06 394351     /lib/i386-linux-gnu/ld-2.19.so
b7782000-b7783000 r--p 0001f000 08:06 394351     /lib/i386-linux-gnu/ld-2.19.so
b7783000-b7784000 rw-p 00020000 08:06 394351     /lib/i386-linux-gnu/ld-2.19.so
bfbc2000-bfbc3000 rwxp 00000000 00:00 0 
bfbf4000-bfc16000 rw-p 00000000 00:00 0          [stack]

VM Arguments:
jvm_args: -Dscript.name=/usr/bin/groovy -Dprogram.name=groovy -Dgroovy.starter.conf=/etc/groovy/groovy-starter.conf -Dgroovy.home=/usr/share/groovy -Dtools.jar=/usr/lib/jvm/java-8-oracle/lib/tools.jar 
java_command: org.codehaus.groovy.tools.GroovyStarter --main groovy.ui.GroovyMain --conf /etc/groovy/groovy-starter.conf --classpath /media/administrator/I/SETUPS/freetts-1.2.2-bin/freetts-1.2/lib/freetts.jar:/media/administrator/I/SETUPS/mysql-connector-java-5.0.8/mysql-connector-java-5.0.8-bin.jar:. NewsWikiFlash.groovy daily_news 30000 10000
java_class_path (initial): /usr/share/groovy/lib/groovy-1.8.6.jar
Launcher Type: SUN_STANDARD

Environment Variables:
JAVA_HOME=/usr/lib/jvm/java-8-oracle
CLASSPATH=/media/administrator/I/SETUPS/freetts-1.2.2-bin/freetts-1.2/lib/freetts.jar:/media/administrator/I/SETUPS/mysql-connector-java-5.0.8/mysql-connector-java-5.0.8-bin.jar
PATH=/home/administrator/.nvm/versions/node/v5.0.0/bin:/usr/local/sbin:/usr/local/bin:/usr/sbin:/usr/bin:/sbin:/bin:/usr/games:/usr/local/games:/usr/lib/jvm/java-8-oracle/bin:/usr/lib/jvm/java-8-oracle/db/bin:/usr/lib/jvm/java-8-oracle/jre/bin
SHELL=/bin/bash
DISPLAY=:0

Signal Handlers:
SIGSEGV: [libjvm.so+0x8dc460], sa_mask[0]=11111111011111111101111111111110, sa_flags=SA_RESTART|SA_SIGINFO
SIGBUS: [libjvm.so+0x8dc460], sa_mask[0]=11111111011111111101111111111110, sa_flags=SA_RESTART|SA_SIGINFO
SIGFPE: [libjvm.so+0x759110], sa_mask[0]=11111111011111111101111111111110, sa_flags=SA_RESTART|SA_SIGINFO
SIGPIPE: [libjvm.so+0x759110], sa_mask[0]=11111111011111111101111111111110, sa_flags=SA_RESTART|SA_SIGINFO
SIGXFSZ: [libjvm.so+0x759110], sa_mask[0]=11111111011111111101111111111110, sa_flags=SA_RESTART|SA_SIGINFO
SIGILL: [libjvm.so+0x759110], sa_mask[0]=11111111011111111101111111111110, sa_flags=SA_RESTART|SA_SIGINFO
SIGUSR1: SIG_DFL, sa_mask[0]=00000000000000000000000000000000, sa_flags=none
SIGUSR2: [libjvm.so+0x75a9c0], sa_mask[0]=00000000000000000000000000000000, sa_flags=SA_RESTART|SA_SIGINFO
SIGHUP: [libjvm.so+0x75be70], sa_mask[0]=11111111011111111101111111111110, sa_flags=SA_RESTART|SA_SIGINFO
SIGINT: SIG_IGN, sa_mask[0]=00000000000000000000000000000000, sa_flags=none
SIGTERM: [libjvm.so+0x75be70], sa_mask[0]=11111111011111111101111111111110, sa_flags=SA_RESTART|SA_SIGINFO
SIGQUIT: [libjvm.so+0x75be70], sa_mask[0]=11111111011111111101111111111110, sa_flags=SA_RESTART|SA_SIGINFO


---------------  S Y S T E M  ---------------

OS:DISTRIB_ID=Ubuntu
DISTRIB_RELEASE=14.04
DISTRIB_CODENAME=trusty
DISTRIB_DESCRIPTION="Ubuntu 14.04.4 LTS"

uname:Linux 4.2.0-27-generic #32~14.04.1-Ubuntu SMP Fri Jan 22 15:32:27 UTC 2016 i686
libc:glibc 2.19 NPTL 2.19 
rlimit: STACK 8192k, CORE 0k, NPROC 31311, NOFILE 4096, AS infinity
load average:2.44 0.75 0.35

/proc/meminfo:
MemTotal:        4036660 kB
MemFree:         1602480 kB
MemAvailable:    3361900 kB
Buffers:          322688 kB
Cached:          1437192 kB
SwapCached:            0 kB
Active:          1299036 kB
Inactive:         956896 kB
Active(anon):     501320 kB
Inactive(anon):    54288 kB
Active(file):     797716 kB
Inactive(file):   902608 kB
Unevictable:          32 kB
Mlocked:              32 kB
HighTotal:       3182988 kB
HighFree:        1456804 kB
LowTotal:         853672 kB
LowFree:          145676 kB
SwapTotal:             0 kB
SwapFree:              0 kB
Dirty:              1016 kB
Writeback:             0 kB
AnonPages:        495632 kB
Mapped:           125352 kB
Shmem:             60104 kB
Slab:             131920 kB
SReclaimable:      84284 kB
SUnreclaim:        47636 kB
KernelStack:        3248 kB
PageTables:         3748 kB
NFS_Unstable:          0 kB
Bounce:               12 kB
WritebackTmp:          0 kB
CommitLimit:     2018328 kB
Committed_AS:    1487364 kB
VmallocTotal:     122880 kB
VmallocUsed:       47684 kB
VmallocChunk:      42320 kB
AnonHugePages:    514048 kB
CmaTotal:              0 kB
CmaFree:               0 kB
HugePages_Total:       0
HugePages_Free:        0
HugePages_Rsvd:        0
HugePages_Surp:        0
Hugepagesize:       2048 kB
DirectMap4k:       61432 kB
DirectMap2M:      851968 kB


CPU:total 4 (initial active 4) (2 cores per cpu, 2 threads per core) family 6 model 69 stepping 1, cmov, cx8, fxsr, mmx, sse, sse2, sse3, ssse3, sse4.1, sse4.2, popcnt, avx, avx2, aes, clmul, erms, lzcnt, ht, tsc, tscinvbit, bmi1, bmi2

/proc/cpuinfo:
processor	: 0
vendor_id	: GenuineIntel
cpu family	: 6
model		: 69
model name	: Intel(R) Core(TM) i3-4005U CPU @ 1.70GHz
stepping	: 1
microcode	: 0x1c
cpu MHz		: 1696.214
cache size	: 3072 KB
physical id	: 0
siblings	: 4
core id		: 0
cpu cores	: 2
apicid		: 0
initial apicid	: 0
fdiv_bug	: no
f00f_bug	: no
coma_bug	: no
fpu		: yes
fpu_exception	: yes
cpuid level	: 13
wp		: yes
flags		: fpu vme de pse tsc msr pae mce cx8 apic sep mtrr pge mca cmov pat pse36 clflush dts acpi mmx fxsr sse sse2 ss ht tm pbe nx pdpe1gb rdtscp lm constant_tsc arch_perfmon pebs bts xtopology nonstop_tsc aperfmperf eagerfpu pni pclmulqdq dtes64 monitor ds_cpl vmx est tm2 ssse3 fma cx16 xtpr pdcm pcid sse4_1 sse4_2 movbe popcnt tsc_deadline_timer aes xsave avx f16c rdrand lahf_lm abm ida arat epb pln pts dtherm tpr_shadow vnmi flexpriority ept vpid fsgsbase tsc_adjust bmi1 avx2 smep bmi2 erms invpcid xsaveopt
bugs		:
bogomips	: 3392.31
clflush size	: 64
cache_alignment	: 64
address sizes	: 39 bits physical, 48 bits virtual
power management:

processor	: 1
vendor_id	: GenuineIntel
cpu family	: 6
model		: 69
model name	: Intel(R) Core(TM) i3-4005U CPU @ 1.70GHz
stepping	: 1
microcode	: 0x1c
cpu MHz		: 1699.003
cache size	: 3072 KB
physical id	: 0
siblings	: 4
core id		: 1
cpu cores	: 2
apicid		: 2
initial apicid	: 2
fdiv_bug	: no
f00f_bug	: no
coma_bug	: no
fpu		: yes
fpu_exception	: yes
cpuid level	: 13
wp		: yes
flags		: fpu vme de pse tsc msr pae mce cx8 apic sep mtrr pge mca cmov pat pse36 clflush dts acpi mmx fxsr sse sse2 ss ht tm pbe nx pdpe1gb rdtscp lm constant_tsc arch_perfmon pebs bts xtopology nonstop_tsc aperfmperf eagerfpu pni pclmulqdq dtes64 monitor ds_cpl vmx est tm2 ssse3 fma cx16 xtpr pdcm pcid sse4_1 sse4_2 movbe popcnt tsc_deadline_timer aes xsave avx f16c rdrand lahf_lm abm ida arat epb pln pts dtherm tpr_shadow vnmi flexpriority ept vpid fsgsbase tsc_adjust bmi1 avx2 smep bmi2 erms invpcid xsaveopt
bugs		:
bogomips	: 3392.31
clflush size	: 64
cache_alignment	: 64
address sizes	: 39 bits physical, 48 bits virtual
power management:

processor	: 2
vendor_id	: GenuineIntel
cpu family	: 6
model		: 69
model name	: Intel(R) Core(TM) i3-4005U CPU @ 1.70GHz
stepping	: 1
microcode	: 0x1c
cpu MHz		: 1700.199
cache size	: 3072 KB
physical id	: 0
siblings	: 4
core id		: 0
cpu cores	: 2
apicid		: 1
initial apicid	: 1
fdiv_bug	: no
f00f_bug	: no
coma_bug	: no
fpu		: yes
fpu_exception	: yes
cpuid level	: 13
wp		: yes
flags		: fpu vme de pse tsc msr pae mce cx8 apic sep mtrr pge mca cmov pat pse36 clflush dts acpi mmx fxsr sse sse2 ss ht tm pbe nx pdpe1gb rdtscp lm constant_tsc arch_perfmon pebs bts xtopology nonstop_tsc aperfmperf eagerfpu pni pclmulqdq dtes64 monitor ds_cpl vmx est tm2 ssse3 fma cx16 xtpr pdcm pcid sse4_1 sse4_2 movbe popcnt tsc_deadline_timer aes xsave avx f16c rdrand lahf_lm abm ida arat epb pln pts dtherm tpr_shadow vnmi flexpriority ept vpid fsgsbase tsc_adjust bmi1 avx2 smep bmi2 erms invpcid xsaveopt
bugs		:
bogomips	: 3392.31
clflush size	: 64
cache_alignment	: 64
address sizes	: 39 bits physical, 48 bits virtual
power management:

processor	: 3
vendor_id	: GenuineIntel
cpu family	: 6
model		: 69
model name	: Intel(R) Core(TM) i3-4005U CPU @ 1.70GHz
stepping	: 1
microcode	: 0x1c
cpu MHz		: 1693.160
cache size	: 3072 KB
physical id	: 0
siblings	: 4
core id		: 1
cpu cores	: 2
apicid		: 3
initial apicid	: 3
fdiv_bug	: no
f00f_bug	: no
coma_bug	: no
fpu		: yes
fpu_exception	: yes
cpuid level	: 13
wp		: yes
flags		: fpu vme de pse tsc msr pae mce cx8 apic sep mtrr pge mca cmov pat pse36 clflush dts acpi mmx fxsr sse sse2 ss ht tm pbe nx pdpe1gb rdtscp lm constant_tsc arch_perfmon pebs bts xtopology nonstop_tsc aperfmperf eagerfpu pni pclmulqdq dtes64 monitor ds_cpl vmx est tm2 ssse3 fma cx16 xtpr pdcm pcid sse4_1 sse4_2 movbe popcnt tsc_deadline_timer aes xsave avx f16c rdrand lahf_lm abm ida arat epb pln pts dtherm tpr_shadow vnmi flexpriority ept vpid fsgsbase tsc_adjust bmi1 avx2 smep bmi2 erms invpcid xsaveopt
bugs		:
bogomips	: 3392.31
clflush size	: 64
cache_alignment	: 64
address sizes	: 39 bits physical, 48 bits virtual
power management:



Memory: 4k page, physical 4036660k(1602580k free), swap 0k(0k free)

vm_info: Java HotSpot(TM) Server VM (25.151-b12) for linux-x86 JRE (1.8.0_151-b12), built on Sep  5 2017 19:27:23 by "java_re" with gcc 4.3.0 20080428 (Red Hat 4.3.0-8)

time: Sun Sep  2 16:57:38 2018
elapsed time: 14997 seconds (0d 4h 9m 57s)

