#
# A fatal error has been detected by the Java Runtime Environment:
#
#  SIGSEGV (0xb) at pc=0xa74ebc9d, pid=6912, tid=0x62effb40
#
# JRE version: Java(TM) SE Runtime Environment (8.0_151-b12) (build 1.8.0_151-b12)
# Java VM: Java HotSpot(TM) Server VM (25.151-b12 mixed mode linux-x86 )
# Problematic frame:
# v  ~BufferBlob::jni_fast_GetLongField
#
# Failed to write core dump. Core dumps have been disabled. To enable core dumping, try "ulimit -c unlimited" before starting Java again
#
# If you would like to submit a bug report, please visit:
#   http://bugreport.java.com/bugreport/crash.jsp
# The crash happened outside the Java Virtual Machine in native code.
# See problematic frame for where to report the bug.
#

---------------  T H R E A D  ---------------

Current thread (0x6314a000):  JavaThread "AWT-XAWT" daemon [_thread_in_native, id=6944, stack(0x62eaf000,0x62f00000)]

siginfo: si_signo: 11 (SIGSEGV), si_code: 1 (SEGV_MAPERR), si_addr: 0x00000000

Registers:
EAX=0x00000000, EBX=0x63b4c624, ECX=0x00001694, EDX=0x00000000
ESP=0x62efed08, EBP=0x62efed48, ESI=0x00000042, EDI=0x00000000
EIP=0xa74ebc9d, EFLAGS=0x00010246, CR2=0x00000000

Top of Stack: (sp=0x62efed08)
0x62efed08:   6314a138 63b3612d 6314a138 00000000
0x62efed18:   00000042 64a5d3b0 b70adef0 6314a138
0x62efed28:   62efed48 00000000 b70b6564 00010002
0x62efed38:   b6b6ea0e 633fd000 63ef0038 00000000
0x62efed48:   68c58100 63329e18 68c58100 00000000
0x62efed58:   00000000 62efed84 63617d30 00000002
0x62efed68:   63329db9 633fd000 64dcbba0 01400003
0x62efed78:   64832340 633212e8 68c58100 6314a000 

Instructions: (pc=0xa74ebc9d)
0xa74ebc7d:   00 00 00 56 8b 0d 08 ed 0d b7 f6 c1 01 0f 85 30
0xa74ebc8d:   00 00 00 8b c1 83 e0 01 8b 54 04 0c 8b 74 24 10
0xa74ebc9d:   8b 12 c1 ee 02 8b 04 32 8b 54 32 04 be 08 ed 0d
0xa74ebcad:   b7 33 f2 33 f0 33 f2 33 f0 3b 0e 0f 85 02 00 00 

Register to memory mapping:

EAX=0x00000000 is an unknown value
EBX=0x63b4c624: <offset 0x4c624> in /usr/lib/jvm/java-8-oracle/jre/lib/i386/libawt_xawt.so at 0x63b00000
ECX=0x00001694 is an unknown value
EDX=0x00000000 is an unknown value
ESP=0x62efed08 is pointing into the stack for thread: 0x6314a000
EBP=0x62efed48 is pointing into the stack for thread: 0x6314a000
ESI=0x00000042 is an unknown value
EDI=0x00000000 is an unknown value


Stack: [0x62eaf000,0x62f00000],  sp=0x62efed08,  free space=319k
Native frames: (J=compiled Java code, j=interpreted, Vv=VM code, C=native code)
v  ~BufferBlob::jni_fast_GetLongField
C  [libX11.so.6+0x5de18]  _XimServerDestroy+0x68

Java frames: (J=compiled Java code, j=interpreted, Vv=VM code)
J 5102  sun.awt.X11.XlibWrapper.XFilterEvent(JJ)Z (0 bytes) @ 0xa81ede36 [0xa81edde0+0x56]
j  sun.awt.X11.XToolkit.run(Z)V+300
j  sun.awt.X11.XToolkit.run()V+5
j  java.lang.Thread.run()V+11
v  ~StubRoutines::call_stub

---------------  P R O C E S S  ---------------

Java Threads: ( => current thread )
  0x096de000 JavaThread "XToolkt-Shutdown-Thread" [_thread_blocked, id=16970, stack(0x61e0b000,0x61e5c000)]
  0x65e04400 JavaThread "SIGTERM handler" daemon [_thread_blocked, id=16969, stack(0x6445e000,0x644af000)]
  0x64d47000 JavaThread "TimerQueue" daemon [_thread_blocked, id=8644, stack(0x62b0c000,0x62b5d000)]
  0x68f1e800 JavaThread "Java Sound Event Dispatcher" daemon [_thread_blocked, id=7597, stack(0x61e5c000,0x61ead000)]
  0x6547ec00 JavaThread "AWT-EventQueue-0" [_thread_blocked, id=7587, stack(0x62d5e000,0x62daf000)]
  0x6547e800 JavaThread "AWT-Shutdown" [_thread_blocked, id=7586, stack(0x62bae000,0x62bff000)]
  0x62a45000 JavaThread "Thread-3" daemon [_thread_blocked, id=6948, stack(0x62b5d000,0x62bae000)]
=>0x6314a000 JavaThread "AWT-XAWT" daemon [_thread_in_native, id=6944, stack(0x62eaf000,0x62f00000)]
  0x6313d000 JavaThread "Java2D Disposer" daemon [_thread_blocked, id=6943, stack(0x62cff000,0x62d50000)]
  0x6437d800 JavaThread "MySQL Statement Cancellation Timer" daemon [_thread_blocked, id=6941, stack(0x645af000,0x64600000)]
  0x662ab000 JavaThread "Service Thread" daemon [_thread_blocked, id=6938, stack(0x65f0d000,0x65f5e000)]
  0x662a7c00 JavaThread "C1 CompilerThread2" daemon [_thread_blocked, id=6937, stack(0x65a7d000,0x65afe000)]
  0x662a6800 JavaThread "C2 CompilerThread1" daemon [_thread_blocked, id=6936, stack(0x65afe000,0x65b7f000)]
  0x662a4800 JavaThread "C2 CompilerThread0" daemon [_thread_blocked, id=6935, stack(0x65b7f000,0x65c00000)]
  0x662a3000 JavaThread "Signal Dispatcher" daemon [_thread_blocked, id=6934, stack(0x65f5e000,0x65faf000)]
  0x66288c00 JavaThread "Finalizer" daemon [_thread_blocked, id=6932, stack(0x65faf000,0x66000000)]
  0x66286000 JavaThread "Reference Handler" daemon [_thread_blocked, id=6931, stack(0x6612e000,0x6617f000)]
  0xb6507800 JavaThread "main" [_thread_blocked, id=6925, stack(0xb6635000,0xb6686000)]

Other Threads:
  0x66281800 VMThread [stack: 0x6617f000,0x66200000] [id=6930]
  0x662be000 WatcherThread [stack: 0x659fc000,0x65a7d000] [id=6939]

VM state:not at safepoint (normal execution)

VM Mutex/Monitor currently owned by a thread: None

Heap:
 PSYoungGen      total 122880K, used 25014K [0x92780000, 0x9c4c0000, 0xa7000000)
  eden space 109824K, 11% used [0x92780000,0x9334ce80,0x992c0000)
  from space 13056K, 99% used [0x9ad00000,0x9b9a09b0,0x9b9c0000)
  to   space 11264K, 0% used [0x9b9c0000,0x9b9c0000,0x9c4c0000)
 ParOldGen       total 51968K, used 24058K [0x69600000, 0x6c8c0000, 0x92780000)
  object space 51968K, 46% used [0x69600000,0x6ad7ea38,0x6c8c0000)
 Metaspace       used 22091K, capacity 22867K, committed 22912K, reserved 23856K

Card table byte_map: [0x69412000,0x69600000] byte_map_base: 0x690c7000

Marking Bits: (ParMarkBitMap*) 0xb70de5c0
 Begin Bits: [0x66d30000, 0x67c98000)
 End Bits:   [0x67c98000, 0x68c00000)

Polling page: 0xb76ea000

CodeCache: size=245760Kb used=20332Kb max_used=20337Kb free=225427Kb
 bounds [0xa7496000, 0xa888e000, 0xb6496000]
 total_blobs=6615 nmethods=6056 adapters=471
 compilation: enabled

Compilation events (10 events):
Event: 14372.432 Thread 0x662a7c00 7323       3       sun.awt.X11.XWindowPeer::isNativelyNonFocusableWindow (58 bytes)
Event: 14372.433 Thread 0x662a7c00 nmethod 7323 0xa768a148 code [0xa768a300, 0xa768af0c]
Event: 14382.939 Thread 0x662a7c00 7324       3       java.util.logging.LogManager::checkPermission (17 bytes)
Event: 14382.940 Thread 0x662a7c00 nmethod 7324 0xa81c5b08 code [0xa81c5c40, 0xa81c5e6c]
Event: 14382.940 Thread 0x662a7c00 7325       3       java.util.logging.LogManager$LoggerContext::getRootLogger (8 bytes)
Event: 14382.941 Thread 0x662a7c00 nmethod 7325 0xa7684208 code [0xa7684320, 0xa7684480]
Event: 14382.941 Thread 0x662a7c00 7326       3       java.util.logging.LogManager$LoggerContext::getGlobalLogger (6 bytes)
Event: 14382.941 Thread 0x662a7c00 nmethod 7326 0xa8220b48 code [0xa8220c60, 0xa8220d40]
Event: 14382.942 Thread 0x662a7c00 7327       3       java.util.logging.Logger::updateEffectiveLevel (115 bytes)
Event: 14382.943 Thread 0x662a7c00 nmethod 7327 0xa886f088 code [0xa886f240, 0xa886fa04]

GC Heap History (10 events):
Event: 9.245 GC heap before
{Heap before GC invocations=6 (full 1):
 PSYoungGen      total 66048K, used 2552K [0x92780000, 0x9ba80000, 0xa7000000)
  eden space 63488K, 0% used [0x92780000,0x92780000,0x96580000)
  from space 2560K, 99% used [0x96580000,0x967fe010,0x96800000)
  to   space 11776K, 0% used [0x9af00000,0x9af00000,0x9ba80000)
 ParOldGen       total 42496K, used 21244K [0x69600000, 0x6bf80000, 0x92780000)
  object space 42496K, 49% used [0x69600000,0x6aabf3e8,0x6bf80000)
 Metaspace       used 16041K, capacity 16358K, committed 16384K, reserved 16688K
Event: 9.383 GC heap after
Heap after GC invocations=6 (full 1):
 PSYoungGen      total 66048K, used 0K [0x92780000, 0x9ba80000, 0xa7000000)
  eden space 63488K, 0% used [0x92780000,0x92780000,0x96580000)
  from space 2560K, 0% used [0x96580000,0x96580000,0x96800000)
  to   space 11776K, 0% used [0x9af00000,0x9af00000,0x9ba80000)
 ParOldGen       total 51968K, used 20620K [0x69600000, 0x6c8c0000, 0x92780000)
  object space 51968K, 39% used [0x69600000,0x6aa23020,0x6c8c0000)
 Metaspace       used 16041K, capacity 16358K, committed 16384K, reserved 16688K
}
Event: 33.996 GC heap before
{Heap before GC invocations=7 (full 1):
 PSYoungGen      total 66048K, used 63488K [0x92780000, 0x9ba80000, 0xa7000000)
  eden space 63488K, 100% used [0x92780000,0x96580000,0x96580000)
  from space 2560K, 0% used [0x96580000,0x96580000,0x96800000)
  to   space 11776K, 0% used [0x9af00000,0x9af00000,0x9ba80000)
 ParOldGen       total 51968K, used 20620K [0x69600000, 0x6c8c0000, 0x92780000)
  object space 51968K, 39% used [0x69600000,0x6aa23020,0x6c8c0000)
 Metaspace       used 18122K, capacity 18777K, committed 18816K, reserved 19760K
Event: 34.034 GC heap after
Heap after GC invocations=7 (full 1):
 PSYoungGen      total 109312K, used 11763K [0x92780000, 0x9ba80000, 0xa7000000)
  eden space 97536K, 0% used [0x92780000,0x92780000,0x986c0000)
  from space 11776K, 99% used [0x9af00000,0x9ba7ce40,0x9ba80000)
  to   space 15616K, 0% used [0x99c00000,0x99c00000,0x9ab40000)
 ParOldGen       total 51968K, used 24046K [0x69600000, 0x6c8c0000, 0x92780000)
  object space 51968K, 46% used [0x69600000,0x6ad7ba38,0x6c8c0000)
 Metaspace       used 18122K, capacity 18777K, committed 18816K, reserved 19760K
}
Event: 1121.718 GC heap before
{Heap before GC invocations=8 (full 1):
 PSYoungGen      total 109312K, used 109299K [0x92780000, 0x9ba80000, 0xa7000000)
  eden space 97536K, 100% used [0x92780000,0x986c0000,0x986c0000)
  from space 11776K, 99% used [0x9af00000,0x9ba7ce40,0x9ba80000)
  to   space 15616K, 0% used [0x99c00000,0x99c00000,0x9ab40000)
 ParOldGen       total 51968K, used 24046K [0x69600000, 0x6c8c0000, 0x92780000)
  object space 51968K, 46% used [0x69600000,0x6ad7ba38,0x6c8c0000)
 Metaspace       used 21095K, capacity 21854K, committed 21888K, reserved 22832K
Event: 1121.798 GC heap after
Heap after GC invocations=8 (full 1):
 PSYoungGen      total 134912K, used 14709K [0x92780000, 0x9d600000, 0xa7000000)
  eden space 119296K, 0% used [0x92780000,0x92780000,0x99c00000)
  from space 15616K, 94% used [0x99c00000,0x9aa5d550,0x9ab40000)
  to   space 17920K, 0% used [0x9c480000,0x9c480000,0x9d600000)
 ParOldGen       total 51968K, used 24050K [0x69600000, 0x6c8c0000, 0x92780000)
  object space 51968K, 46% used [0x69600000,0x6ad7ca38,0x6c8c0000)
 Metaspace       used 21095K, capacity 21854K, committed 21888K, reserved 22832K
}
Event: 6922.673 GC heap before
{Heap before GC invocations=9 (full 1):
 PSYoungGen      total 134912K, used 134005K [0x92780000, 0x9d600000, 0xa7000000)
  eden space 119296K, 100% used [0x92780000,0x99c00000,0x99c00000)
  from space 15616K, 94% used [0x99c00000,0x9aa5d550,0x9ab40000)
  to   space 17920K, 0% used [0x9c480000,0x9c480000,0x9d600000)
 ParOldGen       total 51968K, used 24050K [0x69600000, 0x6c8c0000, 0x92780000)
  object space 51968K, 46% used [0x69600000,0x6ad7ca38,0x6c8c0000)
 Metaspace       used 21845K, capacity 22607K, committed 22656K, reserved 22832K
Event: 6922.728 GC heap after
Heap after GC invocations=9 (full 1):
 PSYoungGen      total 127232K, used 12776K [0x92780000, 0x9d100000, 0xa7000000)
  eden space 114432K, 0% used [0x92780000,0x92780000,0x99740000)
  from space 12800K, 99% used [0x9c480000,0x9d0fa0c0,0x9d100000)
  to   space 18432K, 0% used [0x9ad00000,0x9ad00000,0x9bf00000)
 ParOldGen       total 51968K, used 24050K [0x69600000, 0x6c8c0000, 0x92780000)
  object space 51968K, 46% used [0x69600000,0x6ad7ca38,0x6c8c0000)
 Metaspace       used 21845K, capacity 22607K, committed 22656K, reserved 22832K
}
Event: 13883.527 GC heap before
{Heap before GC invocations=10 (full 1):
 PSYoungGen      total 127232K, used 127208K [0x92780000, 0x9d100000, 0xa7000000)
  eden space 114432K, 100% used [0x92780000,0x99740000,0x99740000)
  from space 12800K, 99% used [0x9c480000,0x9d0fa0c0,0x9d100000)
  to   space 18432K, 0% used [0x9ad00000,0x9ad00000,0x9bf00000)
 ParOldGen       total 51968K, used 24050K [0x69600000, 0x6c8c0000, 0x92780000)
  object space 51968K, 46% used [0x69600000,0x6ad7ca38,0x6c8c0000)
 Metaspace       used 22082K, capacity 22867K, committed 22912K, reserved 23856K
Event: 13883.584 GC heap after
Heap after GC invocations=10 (full 1):
 PSYoungGen      total 122880K, used 12930K [0x92780000, 0x9c4c0000, 0xa7000000)
  eden space 109824K, 0% used [0x92780000,0x92780000,0x992c0000)
  from space 13056K, 99% used [0x9ad00000,0x9b9a09b0,0x9b9c0000)
  to   space 11264K, 0% used [0x9b9c0000,0x9b9c0000,0x9c4c0000)
 ParOldGen       total 51968K, used 24058K [0x69600000, 0x6c8c0000, 0x92780000)
  object space 51968K, 46% used [0x69600000,0x6ad7ea38,0x6c8c0000)
 Metaspace       used 22082K, capacity 22867K, committed 22912K, reserved 23856K
}

Deoptimization events (10 events):
Event: 5842.570 Thread 0x6547ec00 Uncommon trap: reason=unstable_if action=reinterpret pc=0xa7c85708 method=java.lang.StrictMath.floorOrCeil(DDDD)D @ 8
Event: 5842.570 Thread 0x6547ec00 Uncommon trap: reason=unstable_if action=reinterpret pc=0xa82e1d30 method=java.lang.StrictMath.floorOrCeil(DDDD)D @ 8
Event: 6530.871 Thread 0x6314a000 Uncommon trap: reason=bimorphic action=maybe_recompile pc=0xa86183a8 method=sun.awt.X11.XBaseWindow.dispatchToWindow(Lsun/awt/X11/XEvent;)V @ 40
Event: 7962.789 Thread 0x643fd800 Uncommon trap: reason=unstable_if action=reinterpret pc=0xa86e3510 method=com.sun.speech.freetts.relp.UnitConcatenator.processUtterance(Lcom/sun/speech/freetts/Utterance;)V @ 153
Event: 9162.961 Thread 0x643fd800 Uncommon trap: reason=null_check action=make_not_entrant pc=0xa8411cfc method=com.sun.speech.freetts.diphone.DiphoneUnitDatabase.getUnit(Ljava/lang/String;)Lcom/sun/speech/freetts/diphone/Diphone; @ 207
Event: 10683.174 Thread 0xb6507800 Uncommon trap: reason=null_check action=make_not_entrant pc=0xa87e37a0 method=javax.swing.text.html.CSS.getCssAttribute(Ljavax/swing/text/html/HTML$Attribute;)[Ljavax/swing/text/html/CSS$Attribute; @ 7
Event: 11043.223 Thread 0x643fd800 Uncommon trap: reason=predicate action=maybe_recompile pc=0xa84b4f04 method=com.sun.speech.freetts.en.us.FeatureProcessors$StressedSylOut.process(Lcom/sun/speech/freetts/Item;)Ljava/lang/String; @ 31
Event: 11043.223 Thread 0x643fd800 Uncommon trap: reason=unstable_if action=reinterpret pc=0xa819cb5c method=com.sun.speech.freetts.Item.equalsShared(Lcom/sun/speech/freetts/Item;)Z @ 1
Event: 11043.224 Thread 0x643fd800 Uncommon trap: reason=predicate action=maybe_recompile pc=0xa844d53c method=com.sun.speech.freetts.en.us.FeatureProcessors$SylOut.process(Lcom/sun/speech/freetts/Item;)Ljava/lang/String; @ 28
Event: 14382.300 Thread 0x6314a000 Uncommon trap: reason=unstable_if action=reinterpret pc=0xa85448b0 method=sun.awt.X11.XDropTargetEventProcessor.doProcessEvent(Lsun/awt/X11/XEvent;)Z @ 6

Internal exceptions (10 events):
Event: 14323.562 Thread 0xb6507800 Exception <a 'java/io/IOException'> (0x92c8bfc8) thrown at [/HUDSON/workspace/8-2-build-linux-i586/jdk8u151/9699/hotspot/src/share/vm/prims/jni.cpp, line 709]
Event: 14323.564 Thread 0x643fd800 Exception <a 'java/io/IOException'> (0x92f16fa0) thrown at [/HUDSON/workspace/8-2-build-linux-i586/jdk8u151/9699/hotspot/src/share/vm/prims/jni.cpp, line 709]
Event: 14323.564 Thread 0x643fd800 Exception <a 'java/io/IOException'> (0x92f17230) thrown at [/HUDSON/workspace/8-2-build-linux-i586/jdk8u151/9699/hotspot/src/share/vm/prims/jni.cpp, line 709]
Event: 14323.564 Thread 0x643fd800 Exception <a 'java/io/IOException'> (0x92f17490) thrown at [/HUDSON/workspace/8-2-build-linux-i586/jdk8u151/9699/hotspot/src/share/vm/prims/jni.cpp, line 709]
Event: 14323.564 Thread 0x643fd800 Exception <a 'java/io/IOException'> (0x92f179a0) thrown at [/HUDSON/workspace/8-2-build-linux-i586/jdk8u151/9699/hotspot/src/share/vm/prims/jni.cpp, line 709]
Event: 14323.565 Thread 0x643fd800 Exception <a 'java/io/IOException'> (0x92f17c30) thrown at [/HUDSON/workspace/8-2-build-linux-i586/jdk8u151/9699/hotspot/src/share/vm/prims/jni.cpp, line 709]
Event: 14323.565 Thread 0x643fd800 Exception <a 'java/io/IOException'> (0x92f17e90) thrown at [/HUDSON/workspace/8-2-build-linux-i586/jdk8u151/9699/hotspot/src/share/vm/prims/jni.cpp, line 709]
Event: 14363.565 Thread 0xb6507800 Exception <a 'java/io/IOException'> (0x92ca3e60) thrown at [/HUDSON/workspace/8-2-build-linux-i586/jdk8u151/9699/hotspot/src/share/vm/prims/jni.cpp, line 709]
Event: 14363.565 Thread 0xb6507800 Exception <a 'java/io/IOException'> (0x92ca42a0) thrown at [/HUDSON/workspace/8-2-build-linux-i586/jdk8u151/9699/hotspot/src/share/vm/prims/jni.cpp, line 709]
Event: 14382.939 Thread 0x096de800 Exception <a 'java/io/IOException'> (0x932fe990) thrown at [/HUDSON/workspace/8-2-build-linux-i586/jdk8u151/9699/hotspot/src/share/vm/prims/jni.cpp, line 709]

Events (10 events):
Event: 14382.938 loading class sun/awt/X11/XSystemTrayPeer
Event: 14382.938 loading class java/awt/peer/SystemTrayPeer
Event: 14382.938 loading class java/awt/peer/SystemTrayPeer done
Event: 14382.938 loading class sun/awt/X11/XSystemTrayPeer done
Event: 14382.939 Thread 0x096de800 Thread added: 0x096de800
Event: 14382.939 Executing VM operation: RevokeBias
Event: 14382.939 Executing VM operation: RevokeBias done
Event: 14382.939 Executing VM operation: RevokeBias
Event: 14382.939 Executing VM operation: RevokeBias done
Event: 14382.940 Thread 0x096de800 Thread exited: 0x096de800


Dynamic libraries:
08048000-08049000 r-xp 00000000 08:06 4072966    /usr/lib/jvm/java-8-oracle/bin/java
08049000-0804a000 rw-p 00000000 08:06 4072966    /usr/lib/jvm/java-8-oracle/bin/java
096b5000-09900000 rw-p 00000000 00:00 0          [heap]
5d6ab000-5d6ac000 ---p 00000000 00:00 0 
5d6ac000-5deac000 rw-p 00000000 00:00 0          [stack:8645]
5e4c7000-5e4ca000 ---p 00000000 00:00 0 
5e4ca000-5e538000 rw-p 00000000 00:00 0 
5e538000-5e618000 ---p 00000000 00:00 0 
5e618000-5e619000 ---p 00000000 00:00 0 
5e619000-5ee19000 rw-p 00000000 00:00 0 
5ee19000-5ee1a000 ---p 00000000 00:00 0 
5ee1a000-5f61a000 rw-p 00000000 00:00 0 
5f61a000-5f638000 r--s 00000000 08:06 4064788    /usr/share/mime/mime.cache
5f638000-5f639000 ---p 00000000 00:00 0 
5f639000-5fe39000 rw-p 00000000 00:00 0          [stack:8647]
5fe39000-5fe3a000 ---p 00000000 00:00 0 
5fe3a000-6063a000 rw-p 00000000 00:00 0          [stack:8646]
6063a000-60642000 r-xp 00000000 08:06 394417     /lib/i386-linux-gnu/libnih-dbus.so.1.0.0
60642000-60643000 r--p 00007000 08:06 394417     /lib/i386-linux-gnu/libnih-dbus.so.1.0.0
60643000-60644000 rw-p 00008000 08:06 394417     /lib/i386-linux-gnu/libnih-dbus.so.1.0.0
60644000-6065b000 r-xp 00000000 08:06 394413     /lib/i386-linux-gnu/libnih.so.1.0.0
6065b000-6065c000 r--p 00016000 08:06 394413     /lib/i386-linux-gnu/libnih.so.1.0.0
6065c000-6065d000 rw-p 00017000 08:06 394413     /lib/i386-linux-gnu/libnih.so.1.0.0
6065d000-60679000 r-xp 00000000 08:06 394332     /lib/i386-linux-gnu/libcgmanager.so.0.0.0
60679000-6067a000 r--p 0001b000 08:06 394332     /lib/i386-linux-gnu/libcgmanager.so.0.0.0
6067a000-6067b000 rw-p 0001c000 08:06 394332     /lib/i386-linux-gnu/libcgmanager.so.0.0.0
6067b000-6068c000 r-xp 00000000 08:06 394499     /lib/i386-linux-gnu/libudev.so.1.3.5
6068c000-6068d000 r--p 00010000 08:06 394499     /lib/i386-linux-gnu/libudev.so.1.3.5
6068d000-6068e000 rw-p 00011000 08:06 394499     /lib/i386-linux-gnu/libudev.so.1.3.5
606ab000-606dd000 r-xp 00000000 08:06 3670513    /usr/lib/i386-linux-gnu/gvfs/libgvfscommon.so
606dd000-606df000 r--p 00032000 08:06 3670513    /usr/lib/i386-linux-gnu/gvfs/libgvfscommon.so
606df000-606e0000 rw-p 00034000 08:06 3670513    /usr/lib/i386-linux-gnu/gvfs/libgvfscommon.so
606e0000-60710000 r-xp 00000000 08:06 3670502    /usr/lib/i386-linux-gnu/gio/modules/libgvfsdbus.so
60710000-60711000 r--p 0002f000 08:06 3670502    /usr/lib/i386-linux-gnu/gio/modules/libgvfsdbus.so
60711000-60712000 rw-p 00030000 08:06 3670502    /usr/lib/i386-linux-gnu/gio/modules/libgvfsdbus.so
60712000-60753000 r--p 00000000 08:06 4600224    /usr/share/glib-2.0/schemas/gschemas.compiled
60753000-6075c000 r-xp 00000000 08:06 3675951    /usr/lib/i386-linux-gnu/libltdl.so.7.3.0
6075c000-6075d000 r--p 00008000 08:06 3675951    /usr/lib/i386-linux-gnu/libltdl.so.7.3.0
6075d000-6075e000 rw-p 00009000 08:06 3675951    /usr/lib/i386-linux-gnu/libltdl.so.7.3.0
6075e000-60770000 r-xp 00000000 08:06 3676241    /usr/lib/i386-linux-gnu/libtdb.so.1.2.12
60770000-60771000 r--p 00011000 08:06 3676241    /usr/lib/i386-linux-gnu/libtdb.so.1.2.12
60771000-60772000 rw-p 00012000 08:06 3676241    /usr/lib/i386-linux-gnu/libtdb.so.1.2.12
60772000-6077a000 r-xp 00000000 08:06 3676320    /usr/lib/i386-linux-gnu/libvorbisfile.so.3.3.4
6077a000-6077b000 r--p 00007000 08:06 3676320    /usr/lib/i386-linux-gnu/libvorbisfile.so.3.3.4
6077b000-6077c000 rw-p 00008000 08:06 3676320    /usr/lib/i386-linux-gnu/libvorbisfile.so.3.3.4
6077c000-6078b000 r-xp 00000000 08:06 3671544    /usr/lib/i386-linux-gnu/libcanberra.so.0.2.5
6078b000-6078c000 r--p 0000e000 08:06 3671544    /usr/lib/i386-linux-gnu/libcanberra.so.0.2.5
6078c000-6078d000 rw-p 0000f000 08:06 3671544    /usr/lib/i386-linux-gnu/libcanberra.so.0.2.5
60795000-6079d000 r--p 00000000 00:26 3148083    /home/administrator/.config/dconf/user (deleted)
6079d000-607a8000 r-xp 00000000 08:06 3670210    /usr/lib/i386-linux-gnu/gio/modules/libdconfsettings.so
607a8000-607a9000 r--p 0000a000 08:06 3670210    /usr/lib/i386-linux-gnu/gio/modules/libdconfsettings.so
607a9000-607aa000 rw-p 0000b000 08:06 3670210    /usr/lib/i386-linux-gnu/gio/modules/libdconfsettings.so
607aa000-607ae000 r-xp 00000000 08:06 3671554    /usr/lib/i386-linux-gnu/gtk-2.0/modules/libcanberra-gtk-module.so
607ae000-607af000 ---p 00004000 08:06 3671554    /usr/lib/i386-linux-gnu/gtk-2.0/modules/libcanberra-gtk-module.so
607af000-607b0000 r--p 00004000 08:06 3671554    /usr/lib/i386-linux-gnu/gtk-2.0/modules/libcanberra-gtk-module.so
607b0000-607b1000 rw-p 00005000 08:06 3671554    /usr/lib/i386-linux-gnu/gtk-2.0/modules/libcanberra-gtk-module.so
607b1000-607ed000 r-xp 00000000 08:06 394340     /lib/i386-linux-gnu/libpcre.so.3.13.1
607ed000-607ee000 r--p 0003b000 08:06 394340     /lib/i386-linux-gnu/libpcre.so.3.13.1
607ee000-607ef000 rw-p 0003c000 08:06 394340     /lib/i386-linux-gnu/libpcre.so.3.13.1
607ef000-60814000 r-xp 00000000 08:06 394330     /lib/i386-linux-gnu/libexpat.so.1.6.0
60814000-60815000 ---p 00025000 08:06 394330     /lib/i386-linux-gnu/libexpat.so.1.6.0
60815000-60817000 r--p 00025000 08:06 394330     /lib/i386-linux-gnu/libexpat.so.1.6.0
60817000-60818000 rw-p 00027000 08:06 394330     /lib/i386-linux-gnu/libexpat.so.1.6.0
60818000-6086c000 r-xp 00000000 08:06 3675867    /usr/lib/i386-linux-gnu/libharfbuzz.so.0.927.0
6086c000-6086d000 r--p 00054000 08:06 3675867    /usr/lib/i386-linux-gnu/libharfbuzz.so.0.927.0
6086d000-6086e000 rw-p 00055000 08:06 3675867    /usr/lib/i386-linux-gnu/libharfbuzz.so.0.927.0
6086e000-6088e000 r-xp 00000000 08:06 394390     /lib/i386-linux-gnu/libselinux.so.1
6088e000-6088f000 r--p 0001f000 08:06 394390     /lib/i386-linux-gnu/libselinux.so.1
6088f000-60890000 rw-p 00020000 08:06 394390     /lib/i386-linux-gnu/libselinux.so.1
60890000-60891000 rw-p 00000000 00:00 0 
60891000-608b7000 r-xp 00000000 08:06 394460     /lib/i386-linux-gnu/libpng12.so.0.50.0
608b7000-608b8000 r--p 00025000 08:06 394460     /lib/i386-linux-gnu/libpng12.so.0.50.0
608b8000-608b9000 rw-p 00026000 08:06 394460     /lib/i386-linux-gnu/libpng12.so.0.50.0
608b9000-6095d000 r-xp 00000000 08:06 3673136    /usr/lib/i386-linux-gnu/libpixman-1.so.0.30.2
6095d000-60962000 r--p 000a4000 08:06 3673136    /usr/lib/i386-linux-gnu/libpixman-1.so.0.30.2
60962000-60963000 rw-p 000a9000 08:06 3673136    /usr/lib/i386-linux-gnu/libpixman-1.so.0.30.2
60963000-609fe000 r-xp 00000000 08:06 3672746    /usr/lib/i386-linux-gnu/libfreetype.so.6.11.1
609fe000-60a02000 r--p 0009a000 08:06 3672746    /usr/lib/i386-linux-gnu/libfreetype.so.6.11.1
60a02000-60a03000 rw-p 0009e000 08:06 3672746    /usr/lib/i386-linux-gnu/libfreetype.so.6.11.1
60a03000-60b0d000 r-xp 00000000 08:06 394379     /lib/i386-linux-gnu/libglib-2.0.so.0.4002.0
60b0d000-60b0e000 r--p 00109000 08:06 394379     /lib/i386-linux-gnu/libglib-2.0.so.0.4002.0
60b0e000-60b0f000 rw-p 0010a000 08:06 394379     /lib/i386-linux-gnu/libglib-2.0.so.0.4002.0
60b0f000-60c8c000 r-xp 00000000 08:06 3675455    /usr/lib/i386-linux-gnu/libgio-2.0.so.0.4002.0
60c8c000-60c8e000 r--p 0017d000 08:06 3675455    /usr/lib/i386-linux-gnu/libgio-2.0.so.0.4002.0
60c8e000-60c8f000 rw-p 0017f000 08:06 3675455    /usr/lib/i386-linux-gnu/libgio-2.0.so.0.4002.0
60c8f000-60c90000 rw-p 00000000 00:00 0 
60c90000-610f8000 r-xp 00000000 08:06 3675798    /usr/lib/i386-linux-gnu/libgtk-x11-2.0.so.0.2400.23
610f8000-610fc000 r--p 00467000 08:06 3675798    /usr/lib/i386-linux-gnu/libgtk-x11-2.0.so.0.2400.23
610fc000-610fe000 rw-p 0046b000 08:06 3675798    /usr/lib/i386-linux-gnu/libgtk-x11-2.0.so.0.2400.23
610fe000-61100000 rw-p 00000000 00:00 0 
61100000-61300000 rw-p 00000000 00:00 0 
61300000-61400000 rw-p 00000000 00:00 0 
61404000-61414000 r-xp 00000000 08:06 3673177    /usr/lib/i386-linux-gnu/libunity-gtk2-parser.so.0.0.0
61414000-61415000 r--p 0000f000 08:06 3673177    /usr/lib/i386-linux-gnu/libunity-gtk2-parser.so.0.0.0
61415000-61416000 rw-p 00010000 08:06 3673177    /usr/lib/i386-linux-gnu/libunity-gtk2-parser.so.0.0.0
61416000-6141d000 r-xp 00000000 08:06 3671866    /usr/lib/i386-linux-gnu/libdatrie.so.1.3.1
6141d000-6141e000 r--p 00006000 08:06 3671866    /usr/lib/i386-linux-gnu/libdatrie.so.1.3.1
6141e000-6141f000 rw-p 00007000 08:06 3671866    /usr/lib/i386-linux-gnu/libdatrie.so.1.3.1
6141f000-6146f000 r-xp 00000000 08:06 3675458    /usr/lib/i386-linux-gnu/libgobject-2.0.so.0.4002.0
6146f000-61470000 r--p 0004f000 08:06 3675458    /usr/lib/i386-linux-gnu/libgobject-2.0.so.0.4002.0
61470000-61471000 rw-p 00050000 08:06 3675458    /usr/lib/i386-linux-gnu/libgobject-2.0.so.0.4002.0
61471000-61571000 rw-p 00000000 00:00 0 
61574000-6158e000 r-xp 00000000 08:06 3675627    /usr/lib/i386-linux-gnu/libgraphite2.so.3.0.1
6158e000-6158f000 r--p 00019000 08:06 3675627    /usr/lib/i386-linux-gnu/libgraphite2.so.3.0.1
6158f000-61590000 rw-p 0001a000 08:06 3675627    /usr/lib/i386-linux-gnu/libgraphite2.so.3.0.1
61590000-615da000 r-xp 00000000 08:06 3677715    /usr/lib/i386-linux-gnu/libpango-1.0.so.0.3600.3
615da000-615db000 ---p 0004a000 08:06 3677715    /usr/lib/i386-linux-gnu/libpango-1.0.so.0.3600.3
615db000-615dc000 r--p 0004a000 08:06 3677715    /usr/lib/i386-linux-gnu/libpango-1.0.so.0.3600.3
615dc000-615dd000 rw-p 0004b000 08:06 3677715    /usr/lib/i386-linux-gnu/libpango-1.0.so.0.3600.3
615dd000-616fc000 r-xp 00000000 08:06 3671520    /usr/lib/i386-linux-gnu/libcairo.so.2.11301.0
616fc000-616fe000 r--p 0011e000 08:06 3671520    /usr/lib/i386-linux-gnu/libcairo.so.2.11301.0
616fe000-616ff000 rw-p 00120000 08:06 3671520    /usr/lib/i386-linux-gnu/libcairo.so.2.11301.0
616ff000-61700000 rw-p 00000000 00:00 0 
61700000-617fc000 rw-p 00000000 00:00 0 
617fc000-61800000 ---p 00000000 00:00 0 
61802000-61807000 r-xp 00000000 08:06 3672037    /usr/lib/i386-linux-gnu/libffi.so.6.0.1
61807000-61808000 r--p 00005000 08:06 3672037    /usr/lib/i386-linux-gnu/libffi.so.6.0.1
61808000-61809000 rw-p 00006000 08:06 3672037    /usr/lib/i386-linux-gnu/libffi.so.6.0.1
61809000-61842000 r-xp 00000000 08:06 3672695    /usr/lib/i386-linux-gnu/libfontconfig.so.1.8.0
61842000-61843000 r--p 00039000 08:06 3672695    /usr/lib/i386-linux-gnu/libfontconfig.so.1.8.0
61843000-61844000 rw-p 0003a000 08:06 3672695    /usr/lib/i386-linux-gnu/libfontconfig.so.1.8.0
61844000-618a5000 r-xp 00000000 08:06 4465614    /usr/lib/jvm/java-8-oracle/jre/lib/i386/libt2k.so
618a5000-618a9000 rw-p 00060000 08:06 4465614    /usr/lib/jvm/java-8-oracle/jre/lib/i386/libt2k.so
618a9000-618ad000 rw-p 00000000 00:00 0 
618ad000-618b1000 r-xp 00000000 08:06 3671546    /usr/lib/i386-linux-gnu/libcanberra-gtk.so.0.1.9
618b1000-618b2000 r--p 00003000 08:06 3671546    /usr/lib/i386-linux-gnu/libcanberra-gtk.so.0.1.9
618b2000-618b3000 rw-p 00004000 08:06 3671546    /usr/lib/i386-linux-gnu/libcanberra-gtk.so.0.1.9
618b3000-618cb000 r-xp 00000000 08:06 393301     /lib/i386-linux-gnu/libz.so.1.2.8
618cb000-618cc000 r--p 00017000 08:06 393301     /lib/i386-linux-gnu/libz.so.1.2.8
618cc000-618cd000 rw-p 00018000 08:06 393301     /lib/i386-linux-gnu/libz.so.1.2.8
618cd000-618e1000 r-xp 00000000 08:06 3676066    /usr/lib/i386-linux-gnu/libpangoft2-1.0.so.0.3600.3
618e1000-618e2000 r--p 00013000 08:06 3676066    /usr/lib/i386-linux-gnu/libpangoft2-1.0.so.0.3600.3
618e2000-618e3000 rw-p 00014000 08:06 3676066    /usr/lib/i386-linux-gnu/libpangoft2-1.0.so.0.3600.3
618e3000-61904000 r-xp 00000000 08:06 3674274    /usr/lib/i386-linux-gnu/libgdk_pixbuf-2.0.so.0.3000.7
61904000-61905000 r--p 00021000 08:06 3674274    /usr/lib/i386-linux-gnu/libgdk_pixbuf-2.0.so.0.3000.7
61905000-61906000 rw-p 00022000 08:06 3674274    /usr/lib/i386-linux-gnu/libgdk_pixbuf-2.0.so.0.3000.7
61906000-61924000 r-xp 00000000 08:06 3673444    /usr/lib/i386-linux-gnu/libatk-1.0.so.0.21009.1
61924000-61926000 r--p 0001d000 08:06 3673444    /usr/lib/i386-linux-gnu/libatk-1.0.so.0.21009.1
61926000-61927000 rw-p 0001f000 08:06 3673444    /usr/lib/i386-linux-gnu/libatk-1.0.so.0.21009.1
61927000-61932000 r-xp 00000000 08:06 3676064    /usr/lib/i386-linux-gnu/libpangocairo-1.0.so.0.3600.3
61932000-61933000 r--p 0000a000 08:06 3676064    /usr/lib/i386-linux-gnu/libpangocairo-1.0.so.0.3600.3
61933000-61934000 rw-p 0000b000 08:06 3676064    /usr/lib/i386-linux-gnu/libpangocairo-1.0.so.0.3600.3
61934000-619e0000 r-xp 00000000 08:06 3675769    /usr/lib/i386-linux-gnu/libgdk-x11-2.0.so.0.2400.23
619e0000-619e2000 r--p 000ab000 08:06 3675769    /usr/lib/i386-linux-gnu/libgdk-x11-2.0.so.0.2400.23
619e2000-619e3000 rw-p 000ad000 08:06 3675769    /usr/lib/i386-linux-gnu/libgdk-x11-2.0.so.0.2400.23
619e7000-619eb000 r-xp 00000000 08:06 3670882    /usr/lib/i386-linux-gnu/gtk-2.0/modules/libunity-gtk-module.so
619eb000-619ec000 r--p 00003000 08:06 3670882    /usr/lib/i386-linux-gnu/gtk-2.0/modules/libunity-gtk-module.so
619ec000-619ed000 rw-p 00004000 08:06 3670882    /usr/lib/i386-linux-gnu/gtk-2.0/modules/libunity-gtk-module.so
619ed000-619fe000 r-xp 00000000 08:06 3670689    /usr/lib/i386-linux-gnu/gtk-2.0/modules/liboverlay-scrollbar.so
619fe000-619ff000 r--p 00010000 08:06 3670689    /usr/lib/i386-linux-gnu/gtk-2.0/modules/liboverlay-scrollbar.so
619ff000-61a00000 rw-p 00011000 08:06 3670689    /usr/lib/i386-linux-gnu/gtk-2.0/modules/liboverlay-scrollbar.so
61a00000-61b00000 rw-p 00000000 00:00 0 
61b00000-61cf8000 rw-p 00000000 00:00 0 
61cf8000-61d00000 ---p 00000000 00:00 0 
61d00000-61e00000 rw-p 00000000 00:00 0 
61e01000-61e09000 r-xp 00000000 08:06 3676253    /usr/lib/i386-linux-gnu/libthai.so.0.2.0
61e09000-61e0a000 r--p 00007000 08:06 3676253    /usr/lib/i386-linux-gnu/libthai.so.0.2.0
61e0a000-61e0b000 rw-p 00008000 08:06 3676253    /usr/lib/i386-linux-gnu/libthai.so.0.2.0
61e0b000-61e0e000 ---p 00000000 00:00 0 
61e0e000-61e5c000 rw-p 00000000 00:00 0          [stack:16970]
61e5c000-61e5f000 ---p 00000000 00:00 0 
61e5f000-61ead000 rw-p 00000000 00:00 0          [stack:7597]
61ead000-61ed6000 r-xp 00000000 08:06 3677685    /usr/lib/i386-linux-gnu/libvorbis.so.0.4.5
61ed6000-61ed7000 ---p 00029000 08:06 3677685    /usr/lib/i386-linux-gnu/libvorbis.so.0.4.5
61ed7000-61ed8000 r--p 00029000 08:06 3677685    /usr/lib/i386-linux-gnu/libvorbis.so.0.4.5
61ed8000-61ed9000 rw-p 0002a000 08:06 3677685    /usr/lib/i386-linux-gnu/libvorbis.so.0.4.5
61ed9000-6203f000 r-xp 00000000 08:06 3676318    /usr/lib/i386-linux-gnu/libvorbisenc.so.2.0.8
6203f000-62050000 r--p 00165000 08:06 3676318    /usr/lib/i386-linux-gnu/libvorbisenc.so.2.0.8
62050000-62051000 rw-p 00176000 08:06 3676318    /usr/lib/i386-linux-gnu/libvorbisenc.so.2.0.8
62051000-62083000 r-xp 00000000 08:06 3670786    /usr/lib/i386-linux-gnu/libFLAC.so.8.3.0
62083000-62084000 r--p 00031000 08:06 3670786    /usr/lib/i386-linux-gnu/libFLAC.so.8.3.0
62084000-62085000 rw-p 00032000 08:06 3670786    /usr/lib/i386-linux-gnu/libFLAC.so.8.3.0
62085000-620f0000 r-xp 00000000 08:06 3678041    /usr/lib/i386-linux-gnu/libsndfile.so.1.0.25
620f0000-620f1000 ---p 0006b000 08:06 3678041    /usr/lib/i386-linux-gnu/libsndfile.so.1.0.25
620f1000-620f2000 r--p 0006b000 08:06 3678041    /usr/lib/i386-linux-gnu/libsndfile.so.1.0.25
620f2000-620f3000 rw-p 0006c000 08:06 3678041    /usr/lib/i386-linux-gnu/libsndfile.so.1.0.25
620f3000-620f7000 rw-p 00000000 00:00 0 
620f7000-62140000 r-xp 00000000 08:06 394338     /lib/i386-linux-gnu/libdbus-1.so.3.7.6
62140000-62141000 r--p 00048000 08:06 394338     /lib/i386-linux-gnu/libdbus-1.so.3.7.6
62141000-62142000 rw-p 00049000 08:06 394338     /lib/i386-linux-gnu/libdbus-1.so.3.7.6
62142000-621af000 r-xp 00000000 08:06 3677800    /usr/lib/i386-linux-gnu/pulseaudio/libpulsecommon-4.0.so
621af000-621b0000 r--p 0006c000 08:06 3677800    /usr/lib/i386-linux-gnu/pulseaudio/libpulsecommon-4.0.so
621b0000-621b1000 rw-p 0006d000 08:06 3677800    /usr/lib/i386-linux-gnu/pulseaudio/libpulsecommon-4.0.so
621b1000-621fe000 r-xp 00000000 08:06 3677670    /usr/lib/i386-linux-gnu/libpulse.so.0.16.2
621fe000-621ff000 r--p 0004c000 08:06 3677670    /usr/lib/i386-linux-gnu/libpulse.so.0.16.2
621ff000-62200000 rw-p 0004d000 08:06 3677670    /usr/lib/i386-linux-gnu/libpulse.so.0.16.2
62200000-62300000 rw-p 00000000 00:00 0 
62300000-62308000 r-xp 00000000 08:06 3676373    /usr/lib/i386-linux-gnu/libxcb-render.so.0.0.0
62308000-62309000 r--p 00008000 08:06 3676373    /usr/lib/i386-linux-gnu/libxcb-render.so.0.0.0
62309000-6230a000 rw-p 00009000 08:06 3676373    /usr/lib/i386-linux-gnu/libxcb-render.so.0.0.0
6230a000-623fb000 r-xp 00000000 08:06 3674909    /usr/lib/i386-linux-gnu/libasound.so.2.0.0
623fb000-623ff000 r--p 000f0000 08:06 3674909    /usr/lib/i386-linux-gnu/libasound.so.2.0.0
623ff000-62400000 rw-p 000f4000 08:06 3674909    /usr/lib/i386-linux-gnu/libasound.so.2.0.0
62400000-62500000 rw-p 00000000 00:00 0 
62500000-62600000 rw-p 00000000 00:00 0 
62600000-62700000 rw-p 00000000 00:00 0 
62700000-62829000 rw-p 00000000 00:00 0 
62829000-62900000 ---p 00000000 00:00 0 
62900000-62a00000 rw-p 00000000 00:00 0 
62a00000-62aff000 rw-p 00000000 00:00 0 
62aff000-62b00000 ---p 00000000 00:00 0 
62b01000-62b0a000 r-xp 00000000 08:06 3675356    /usr/lib/i386-linux-gnu/libXrandr.so.2.2.0
62b0a000-62b0b000 r--p 00008000 08:06 3675356    /usr/lib/i386-linux-gnu/libXrandr.so.2.2.0
62b0b000-62b0c000 rw-p 00009000 08:06 3675356    /usr/lib/i386-linux-gnu/libXrandr.so.2.2.0
62b0c000-62b0f000 ---p 00000000 00:00 0 
62b0f000-62b5d000 rw-p 00000000 00:00 0          [stack:8644]
62b5d000-62b60000 ---p 00000000 00:00 0 
62b60000-62bae000 rw-p 00000000 00:00 0          [stack:6948]
62bae000-62bb1000 ---p 00000000 00:00 0 
62bb1000-62cff000 rw-p 00000000 00:00 0          [stack:7586]
62cff000-62d02000 ---p 00000000 00:00 0 
62d02000-62d50000 rw-p 00000000 00:00 0          [stack:6943]
62d51000-62d53000 r-xp 00000000 08:06 3676379    /usr/lib/i386-linux-gnu/libxcb-shm.so.0.0.0
62d53000-62d54000 r--p 00001000 08:06 3676379    /usr/lib/i386-linux-gnu/libxcb-shm.so.0.0.0
62d54000-62d55000 rw-p 00002000 08:06 3676379    /usr/lib/i386-linux-gnu/libxcb-shm.so.0.0.0
62d55000-62d5c000 r-xp 00000000 08:06 3677507    /usr/lib/i386-linux-gnu/libogg.so.0.8.1
62d5c000-62d5d000 r--p 00006000 08:06 3677507    /usr/lib/i386-linux-gnu/libogg.so.0.8.1
62d5d000-62d5e000 rw-p 00007000 08:06 3677507    /usr/lib/i386-linux-gnu/libogg.so.0.8.1
62d5e000-62d61000 ---p 00000000 00:00 0 
62d61000-62ea9000 rw-p 00000000 00:00 0          [stack:7587]
62ea9000-62eaf000 ---p 00000000 00:00 0 
62eaf000-62eb2000 ---p 00000000 00:00 0 
62eb2000-63000000 rw-p 00000000 00:00 0          [stack:6944]
63000000-63100000 rw-p 00000000 00:00 0 
63100000-631ff000 rw-p 00000000 00:00 0 
631ff000-63200000 ---p 00000000 00:00 0 
63200000-63205000 r-xp 00000000 08:06 3673442    /usr/lib/i386-linux-gnu/libasyncns.so.0.3.1
63205000-63206000 r--p 00004000 08:06 3673442    /usr/lib/i386-linux-gnu/libasyncns.so.0.3.1
63206000-63207000 rw-p 00005000 08:06 3673442    /usr/lib/i386-linux-gnu/libasyncns.so.0.3.1
63207000-6320f000 r-xp 00000000 08:06 394511     /lib/i386-linux-gnu/libwrap.so.0.7.6
6320f000-63210000 r--p 00007000 08:06 394511     /lib/i386-linux-gnu/libwrap.so.0.7.6
63210000-63211000 rw-p 00008000 08:06 394511     /lib/i386-linux-gnu/libwrap.so.0.7.6
63212000-63213000 r--s 00000000 00:26 4072705    /home/administrator/.local/share/mime/mime.cache
63213000-63215000 r-xp 00000000 08:06 3675332    /usr/lib/i386-linux-gnu/libXdamage.so.1.1.0
63215000-63216000 r--p 00001000 08:06 3675332    /usr/lib/i386-linux-gnu/libXdamage.so.1.1.0
63216000-63217000 rw-p 00002000 08:06 3675332    /usr/lib/i386-linux-gnu/libXdamage.so.1.1.0
63217000-63219000 r-xp 00000000 08:06 3676389    /usr/lib/i386-linux-gnu/libXcomposite.so.1.0.0
63219000-6321a000 r--p 00001000 08:06 3676389    /usr/lib/i386-linux-gnu/libXcomposite.so.1.0.0
6321a000-6321b000 rw-p 00002000 08:06 3676389    /usr/lib/i386-linux-gnu/libXcomposite.so.1.0.0
6321b000-6321e000 r-xp 00000000 08:06 3675194    /usr/lib/i386-linux-gnu/libgmodule-2.0.so.0.4002.0
6321e000-6321f000 r--p 00002000 08:06 3675194    /usr/lib/i386-linux-gnu/libgmodule-2.0.so.0.4002.0
6321f000-63220000 rw-p 00003000 08:06 3675194    /usr/lib/i386-linux-gnu/libgmodule-2.0.so.0.4002.0
63220000-63225000 r-xp 00000000 08:06 3674916    /usr/lib/i386-linux-gnu/alsa-lib/libasound_module_pcm_pulse.so
63225000-63226000 r--p 00004000 08:06 3674916    /usr/lib/i386-linux-gnu/alsa-lib/libasound_module_pcm_pulse.so
63226000-63227000 rw-p 00005000 08:06 3674916    /usr/lib/i386-linux-gnu/alsa-lib/libasound_module_pcm_pulse.so
63227000-6322e000 r--s 00000000 08:06 3678474    /usr/lib/i386-linux-gnu/gconv/gconv-modules.cache
6322e000-63290000 r-xp 00000000 08:06 4465595    /usr/lib/jvm/java-8-oracle/jre/lib/i386/libfontmanager.so
63290000-63293000 rw-p 00061000 08:06 4465595    /usr/lib/jvm/java-8-oracle/jre/lib/i386/libfontmanager.so
63293000-63297000 rw-p 00000000 00:00 0 
63297000-632aa000 r-xp 00000000 08:06 397881     /lib/i386-linux-gnu/libresolv-2.19.so
632aa000-632ab000 ---p 00013000 08:06 397881     /lib/i386-linux-gnu/libresolv-2.19.so
632ab000-632ac000 r--p 00013000 08:06 397881     /lib/i386-linux-gnu/libresolv-2.19.so
632ac000-632ad000 rw-p 00014000 08:06 397881     /lib/i386-linux-gnu/libresolv-2.19.so
632ad000-632af000 rw-p 00000000 00:00 0 
632af000-632b1000 r-xp 00000000 08:06 3675346    /usr/lib/i386-linux-gnu/libXinerama.so.1.0.0
632b1000-632b2000 r--p 00001000 08:06 3675346    /usr/lib/i386-linux-gnu/libXinerama.so.1.0.0
632b2000-632b3000 rw-p 00002000 08:06 3675346    /usr/lib/i386-linux-gnu/libXinerama.so.1.0.0
632b3000-632bc000 r-xp 00000000 08:06 394395     /lib/i386-linux-gnu/libjson-c.so.2.0.0
632bc000-632bd000 r--p 00008000 08:06 394395     /lib/i386-linux-gnu/libjson-c.so.2.0.0
632bd000-632be000 rw-p 00009000 08:06 394395     /lib/i386-linux-gnu/libjson-c.so.2.0.0
632be000-632cb000 r-xp 00000000 08:06 4465611    /usr/lib/jvm/java-8-oracle/jre/lib/i386/libjsoundalsa.so
632cb000-632cc000 rw-p 0000d000 08:06 4465611    /usr/lib/jvm/java-8-oracle/jre/lib/i386/libjsoundalsa.so
632cc000-633fc000 r-xp 00000000 08:06 3673204    /usr/lib/i386-linux-gnu/libX11.so.6.3.0
633fc000-633fd000 r--p 00130000 08:06 3673204    /usr/lib/i386-linux-gnu/libX11.so.6.3.0
633fd000-633ff000 rw-p 00131000 08:06 3673204    /usr/lib/i386-linux-gnu/libX11.so.6.3.0
633ff000-63400000 rw-p 00000000 00:00 0 
63400000-63500000 rw-p 00000000 00:00 0 
63500000-63600000 rw-p 00000000 00:00 0 
63600000-636fd000 rw-p 00000000 00:00 0 
636fd000-63700000 ---p 00000000 00:00 0 
63700000-637fb000 rw-p 00000000 00:00 0 
637fb000-63800000 ---p 00000000 00:00 0 
63800000-638f9000 rw-p 00000000 00:00 0 
638f9000-63900000 ---p 00000000 00:00 0 
63900000-63a00000 rw-p 00000000 00:00 0 
63a00000-63aff000 rw-p 00000000 00:00 0 
63aff000-63b00000 ---p 00000000 00:00 0 
63b00000-63b4c000 r-xp 00000000 08:06 4465589    /usr/lib/jvm/java-8-oracle/jre/lib/i386/libawt_xawt.so
63b4c000-63b4e000 rw-p 0004c000 08:06 4465589    /usr/lib/jvm/java-8-oracle/jre/lib/i386/libawt_xawt.so
63b4e000-63b4f000 rw-p 00000000 00:00 0 
63b4f000-63bd5000 r-xp 00000000 08:06 4465585    /usr/lib/jvm/java-8-oracle/jre/lib/i386/libawt.so
63bd5000-63bdc000 rw-p 00086000 08:06 4465585    /usr/lib/jvm/java-8-oracle/jre/lib/i386/libawt.so
63bdc000-63c00000 rw-p 00000000 00:00 0 
63c00000-63cf8000 rw-p 00000000 00:00 0 
63cf8000-63d00000 ---p 00000000 00:00 0 
63d00000-63e00000 rw-p 00000000 00:00 0 
63e00000-63efa000 rw-p 00000000 00:00 0 
63efa000-63f00000 ---p 00000000 00:00 0 
63f00000-63ffe000 rw-p 00000000 00:00 0 
63ffe000-64000000 ---p 00000000 00:00 0 
64000000-640fb000 rw-p 00000000 00:00 0 
640fb000-64100000 ---p 00000000 00:00 0 
64100000-64200000 rw-p 00000000 00:00 0 
64200000-64300000 rw-p 00000000 00:00 0 
64300000-64400000 rw-p 00000000 00:00 0 
64400000-64401000 r--s 00000000 00:18 3          /run/user/1000/dconf/user (deleted)
64401000-64421000 r-xp 00000000 08:06 3675327    /usr/lib/i386-linux-gnu/libxcb.so.1.1.0
64421000-64422000 r--p 0001f000 08:06 3675327    /usr/lib/i386-linux-gnu/libxcb.so.1.1.0
64422000-64423000 rw-p 00020000 08:06 3675327    /usr/lib/i386-linux-gnu/libxcb.so.1.1.0
64423000-64456000 r-xp 00000000 08:06 4465634    /usr/lib/jvm/java-8-oracle/jre/lib/i386/libsunec.so
64456000-6445a000 rw-p 00032000 08:06 4465634    /usr/lib/jvm/java-8-oracle/jre/lib/i386/libsunec.so
6445a000-6445e000 rw-p 00000000 00:00 0 
6445e000-64461000 ---p 00000000 00:00 0 
64461000-645af000 rw-p 00000000 00:00 0          [stack:16969]
645af000-645b2000 ---p 00000000 00:00 0 
645b2000-64700000 rw-p 00000000 00:00 0          [stack:6941]
64700000-64773000 rw-p 00000000 00:00 0 
64773000-64800000 ---p 00000000 00:00 0 
64800000-648ff000 rw-p 00000000 00:00 0 
648ff000-64900000 ---p 00000000 00:00 0 
64900000-64a00000 rw-p 00000000 00:00 0 
64a00000-64af0000 rw-p 00000000 00:00 0 
64af0000-64b00000 ---p 00000000 00:00 0 
64b00000-64bf9000 rw-p 00000000 00:00 0 
64bf9000-64c00000 ---p 00000000 00:00 0 
64c00000-64cf9000 rw-p 00000000 00:00 0 
64cf9000-64d00000 ---p 00000000 00:00 0 
64d00000-64dfb000 rw-p 00000000 00:00 0 
64dfb000-64e00000 ---p 00000000 00:00 0 
64e00000-64f00000 rw-p 00000000 00:00 0 
64f00000-65000000 rw-p 00000000 00:00 0 
65000000-650ee000 rw-p 00000000 00:00 0 
650ee000-65100000 ---p 00000000 00:00 0 
65100000-651fa000 rw-p 00000000 00:00 0 
651fa000-65200000 ---p 00000000 00:00 0 
65200000-65300000 rw-p 00000000 00:00 0 
65300000-65400000 rw-p 00000000 00:00 0 
65400000-65500000 rw-p 00000000 00:00 0 
65500000-65600000 rw-p 00000000 00:00 0 
65600000-65700000 rw-p 00000000 00:00 0 
65700000-65800000 rw-p 00000000 00:00 0 
65800000-65900000 rw-p 00000000 00:00 0 
65900000-65901000 r-xp 00000000 08:06 3675453    /usr/lib/i386-linux-gnu/libgthread-2.0.so.0.4002.0
65901000-65902000 r--p 00000000 08:06 3675453    /usr/lib/i386-linux-gnu/libgthread-2.0.so.0.4002.0
65902000-65903000 rw-p 00001000 08:06 3675453    /usr/lib/i386-linux-gnu/libgthread-2.0.so.0.4002.0
65903000-65904000 r-xp 00000000 08:06 4465608    /usr/lib/jvm/java-8-oracle/jre/lib/i386/libjsound.so
65904000-65905000 rw-p 00000000 08:06 4465608    /usr/lib/jvm/java-8-oracle/jre/lib/i386/libjsound.so
65905000-6590e000 r-xp 00000000 08:06 3675330    /usr/lib/i386-linux-gnu/libXcursor.so.1.0.2
6590e000-6590f000 r--p 00008000 08:06 3675330    /usr/lib/i386-linux-gnu/libXcursor.so.1.0.2
6590f000-65910000 rw-p 00009000 08:06 3675330    /usr/lib/i386-linux-gnu/libXcursor.so.1.0.2
65910000-6592c000 r-xp 00000000 08:06 394369     /lib/i386-linux-gnu/libgcc_s.so.1
6592c000-6592d000 rw-p 0001b000 08:06 394369     /lib/i386-linux-gnu/libgcc_s.so.1
6592d000-659a7000 r--s 010f7000 08:06 4073522    /usr/lib/jvm/java-8-oracle/lib/tools.jar
659a7000-659fc000 r--s 004e7000 08:06 5259087    /usr/share/groovy/lib/groovy-1.8.6.jar
659fc000-659fd000 ---p 00000000 00:00 0 
659fd000-65a7d000 rw-p 00000000 00:00 0          [stack:6939]
65a7d000-65a80000 ---p 00000000 00:00 0 
65a80000-65afe000 rw-p 00000000 00:00 0          [stack:6937]
65afe000-65b01000 ---p 00000000 00:00 0 
65b01000-65b7f000 rw-p 00000000 00:00 0          [stack:6936]
65b7f000-65b82000 ---p 00000000 00:00 0 
65b82000-65c00000 rw-p 00000000 00:00 0          [stack:6935]
65c00000-65e00000 r--p 00000000 08:06 3678418    /usr/lib/locale/locale-archive
65e00000-65e21000 rw-p 00000000 00:00 0 
65e21000-65f00000 ---p 00000000 00:00 0 
65f00000-65f04000 r-xp 00000000 08:06 3675338    /usr/lib/i386-linux-gnu/libXfixes.so.3.1.0
65f04000-65f05000 r--p 00003000 08:06 3675338    /usr/lib/i386-linux-gnu/libXfixes.so.3.1.0
65f05000-65f06000 rw-p 00004000 08:06 3675338    /usr/lib/i386-linux-gnu/libXfixes.so.3.1.0
65f06000-65f0b000 r-xp 00000000 08:06 397869     /lib/i386-linux-gnu/libnss_dns-2.19.so
65f0b000-65f0c000 r--p 00004000 08:06 397869     /lib/i386-linux-gnu/libnss_dns-2.19.so
65f0c000-65f0d000 rw-p 00005000 08:06 397869     /lib/i386-linux-gnu/libnss_dns-2.19.so
65f0d000-65f10000 ---p 00000000 00:00 0 
65f10000-65f5e000 rw-p 00000000 00:00 0          [stack:6938]
65f5e000-65f61000 ---p 00000000 00:00 0 
65f61000-65faf000 rw-p 00000000 00:00 0          [stack:6934]
65faf000-65fb2000 ---p 00000000 00:00 0 
65fb2000-66000000 rw-p 00000000 00:00 0          [stack:6932]
66000000-660ff000 rw-p 00000000 00:00 0 
660ff000-66100000 ---p 00000000 00:00 0 
66100000-66101000 r--s 00002000 08:03 220100     /media/administrator/I/SETUPS/freetts-1.2.2-bin/freetts-1.2/lib/mbrola.jar
66101000-6610f000 r-xp 00000000 08:06 3675344    /usr/lib/i386-linux-gnu/libXi.so.6.1.0
6610f000-66110000 r--p 0000e000 08:06 3675344    /usr/lib/i386-linux-gnu/libXi.so.6.1.0
66110000-66111000 rw-p 0000f000 08:06 3675344    /usr/lib/i386-linux-gnu/libXi.so.6.1.0
66111000-66113000 r--s 0000b000 08:03 220106     /media/administrator/I/SETUPS/freetts-1.2.2-bin/freetts-1.2/lib/jsapi.jar
66113000-66115000 r--s 0000c000 08:03 220096     /media/administrator/I/SETUPS/freetts-1.2.2-bin/freetts-1.2/lib/freetts-jsapi10.jar
66115000-66117000 r-xp 00000000 08:06 394497     /lib/i386-linux-gnu/libnss_mdns4_minimal.so.2
66117000-66118000 r--p 00001000 08:06 394497     /lib/i386-linux-gnu/libnss_mdns4_minimal.so.2
66118000-66119000 rw-p 00002000 08:06 394497     /lib/i386-linux-gnu/libnss_mdns4_minimal.so.2
66119000-6611e000 r--s 0003e000 08:06 4073528    /usr/lib/jvm/java-8-oracle/jre/lib/ext/sunjce_provider.jar
6611e000-6612d000 r-xp 00000000 08:06 4465590    /usr/lib/jvm/java-8-oracle/jre/lib/i386/libnio.so
6612d000-6612e000 rw-p 0000e000 08:06 4465590    /usr/lib/jvm/java-8-oracle/jre/lib/i386/libnio.so
6612e000-66131000 ---p 00000000 00:00 0 
66131000-6617f000 rw-p 00000000 00:00 0          [stack:6931]
6617f000-66180000 ---p 00000000 00:00 0 
66180000-66200000 rw-p 00000000 00:00 0          [stack:6930]
66200000-662ff000 rw-p 00000000 00:00 0 
662ff000-66300000 ---p 00000000 00:00 0 
66300000-66303000 r--s 000d1000 08:03 220095     /media/administrator/I/SETUPS/freetts-1.2.2-bin/freetts-1.2/lib/en_us.jar
66303000-66308000 r-xp 00000000 08:06 3675334    /usr/lib/i386-linux-gnu/libXdmcp.so.6.0.0
66308000-66309000 r--p 00004000 08:06 3675334    /usr/lib/i386-linux-gnu/libXdmcp.so.6.0.0
66309000-6630a000 rw-p 00005000 08:06 3675334    /usr/lib/i386-linux-gnu/libXdmcp.so.6.0.0
6630a000-66313000 r-xp 00000000 08:06 3675358    /usr/lib/i386-linux-gnu/libXrender.so.1.3.0
66313000-66314000 r--p 00008000 08:06 3675358    /usr/lib/i386-linux-gnu/libXrender.so.1.3.0
66314000-66315000 rw-p 00009000 08:06 3675358    /usr/lib/i386-linux-gnu/libXrender.so.1.3.0
66315000-66331000 r--s 00393000 08:06 4073529    /usr/lib/jvm/java-8-oracle/jre/lib/ext/cldrdata.jar
66331000-6650a000 r--s 03d5a000 08:06 3943239    /usr/lib/jvm/java-8-oracle/jre/lib/rt.jar
6650a000-66950000 rw-p 00000000 00:00 0 
66950000-66956000 ---p 00000000 00:00 0 
66956000-68c00000 rw-p 00000000 00:00 0 
68c00000-68cfd000 rw-p 00000000 00:00 0 
68cfd000-68d00000 ---p 00000000 00:00 0 
68d00000-68d02000 r--s 004ab000 08:03 220091     /media/administrator/I/SETUPS/freetts-1.2.2-bin/freetts-1.2/lib/cmu_us_kal.jar
68d02000-68d03000 r--s 001a4000 08:03 220090     /media/administrator/I/SETUPS/freetts-1.2.2-bin/freetts-1.2/lib/cmu_time_awb.jar
68d03000-68d05000 r-xp 00000000 08:06 3676357    /usr/lib/i386-linux-gnu/libXau.so.6.0.0
68d05000-68d06000 r--p 00001000 08:06 3676357    /usr/lib/i386-linux-gnu/libXau.so.6.0.0
68d06000-68d07000 rw-p 00002000 08:06 3676357    /usr/lib/i386-linux-gnu/libXau.so.6.0.0
68d07000-68d18000 r-xp 00000000 08:06 3678157    /usr/lib/i386-linux-gnu/libXext.so.6.4.0
68d18000-68d19000 r--p 00010000 08:06 3678157    /usr/lib/i386-linux-gnu/libXext.so.6.4.0
68d19000-68d1a000 rw-p 00011000 08:06 3678157    /usr/lib/i386-linux-gnu/libXext.so.6.4.0
68d1a000-68d2f000 r-xp 00000000 08:06 4465609    /usr/lib/jvm/java-8-oracle/jre/lib/i386/libnet.so
68d2f000-68d30000 rw-p 00015000 08:06 4465609    /usr/lib/jvm/java-8-oracle/jre/lib/i386/libnet.so
68d30000-68d7f000 rw-p 00000000 00:00 0 
68d7f000-68d80000 ---p 00000000 00:00 0 
68d80000-68e00000 rw-p 00000000 00:00 0          [stack:6929]
68e00000-68f00000 rw-p 00000000 00:00 0 
68f00000-68f51000 rw-p 00000000 00:00 0 
68f51000-69000000 ---p 00000000 00:00 0 
69000000-69005000 r-xp 00000000 08:06 3678206    /usr/lib/i386-linux-gnu/libXtst.so.6.1.0
69005000-69006000 r--p 00004000 08:06 3678206    /usr/lib/i386-linux-gnu/libXtst.so.6.1.0
69006000-69007000 rw-p 00005000 08:06 3678206    /usr/lib/i386-linux-gnu/libXtst.so.6.1.0
69007000-69011000 r--s 00116000 08:06 4073526    /usr/lib/jvm/java-8-oracle/jre/lib/ext/localedata.jar
69011000-69024000 r--s 00345000 08:06 3943236    /usr/lib/jvm/java-8-oracle/jre/lib/resources.jar
69024000-6907f000 rw-p 00000000 00:00 0 
6907f000-69080000 ---p 00000000 00:00 0 
69080000-69100000 rw-p 00000000 00:00 0          [stack:6928]
69100000-6915d000 rw-p 00000000 00:00 0 
6915d000-69200000 ---p 00000000 00:00 0 
69200000-69201000 r--s 00000000 08:03 220094     /media/administrator/I/SETUPS/freetts-1.2.2-bin/freetts-1.2/lib/cmutimelex.jar
69201000-69202000 r--s 00092000 08:03 220093     /media/administrator/I/SETUPS/freetts-1.2.2-bin/freetts-1.2/lib/cmulex.jar
69202000-69207000 r--s 002f9000 08:06 3943261    /usr/lib/jvm/java-8-oracle/jre/lib/charsets.jar
69207000-69208000 r--s 000da000 08:03 220092     /media/administrator/I/SETUPS/freetts-1.2.2-bin/freetts-1.2/lib/cmudict04.jar
69208000-6920a000 r--s 00009000 08:06 4073527    /usr/lib/jvm/java-8-oracle/jre/lib/ext/sunec.jar
6920a000-6920d000 r--s 0001a000 08:06 3943226    /usr/lib/jvm/java-8-oracle/jre/lib/jce.jar
6920d000-69212000 r--s 0009a000 08:06 3943232    /usr/lib/jvm/java-8-oracle/jre/lib/jsse.jar
69212000-69214000 r--s 00007000 08:06 4071448    /usr/share/java/regexp-1.5.jar
69214000-69216000 r--s 0000c000 08:06 4071446    /usr/share/java/mockobjects-core-0.09.jar
69216000-69218000 r--s 00008000 08:06 4071421    /usr/share/java/asm3-util-3.3.2.jar
69218000-6921f000 r--s 00036000 08:06 4071444    /usr/share/java/junit4-4.11.jar
6921f000-69222000 r--s 00010000 08:06 4071334    /usr/share/java/bsf-2.4.0.jar
69222000-69224000 r--s 0000f000 08:06 4071296    /usr/share/java/jline-1.0.jar
69224000-69229000 r--s 00068000 08:06 4071262    /usr/share/java/antlr.jar
69229000-69248000 r--s 001cc000 08:06 4071221    /usr/share/java/ant-1.9.3.jar
69248000-69249000 ---p 00000000 00:00 0 
69249000-692e3000 rw-p 00000000 00:00 0          [stack:6927]
692e3000-69412000 ---p 00000000 00:00 0 
69412000-6942c000 rw-p 00000000 00:00 0 
6942c000-6955a000 ---p 00000000 00:00 0 
6955a000-695aa000 rw-p 00000000 00:00 0 
695aa000-695ff000 ---p 00000000 00:00 0 
695ff000-6c8c0000 rw-p 00000000 00:00 0 
6c8c0000-92780000 ---p 00000000 00:00 0 
92780000-9c4c0000 rw-p 00000000 00:00 0 
9c4c0000-a7000000 ---p 00000000 00:00 0 
a7000000-a7001000 r--s 0000d000 08:06 4071306    /usr/share/java/commons-logging-1.1.3.jar
a7001000-a7016000 r--s 00114000 08:06 4071454    /usr/share/java/ivy-2.3.0.jar
a7016000-a7018000 r--s 00007000 08:06 4071315    /usr/share/java/commons-cli-1.2.jar
a7018000-a7021000 r--s 00091000 08:06 4071960    /usr/share/java/GMetrics-0.5.jar
a7021000-a703d000 r--s 00364000 08:06 4071962    /usr/share/java/CodeNarc-0.17.jar
a703d000-a7055000 rw-p 00000000 00:00 0 
a7055000-a7056000 ---p 00000000 00:00 0 
a7056000-a7126000 rw-p 00000000 00:00 0          [stack:6926]
a7126000-a7496000 ---p 00000000 00:00 0 
a7496000-a888e000 rwxp 00000000 00:00 0 
a888e000-b6496000 ---p 00000000 00:00 0 
b6496000-b64b0000 r-xp 00000000 08:06 4465643    /usr/lib/jvm/java-8-oracle/jre/lib/i386/libzip.so
b64b0000-b64b1000 rw-p 00019000 08:06 4465643    /usr/lib/jvm/java-8-oracle/jre/lib/i386/libzip.so
b64b1000-b64bc000 r-xp 00000000 08:06 397872     /lib/i386-linux-gnu/libnss_files-2.19.so
b64bc000-b64bd000 r--p 0000a000 08:06 397872     /lib/i386-linux-gnu/libnss_files-2.19.so
b64bd000-b64be000 rw-p 0000b000 08:06 397872     /lib/i386-linux-gnu/libnss_files-2.19.so
b64be000-b64c8000 r-xp 00000000 08:06 397876     /lib/i386-linux-gnu/libnss_nis-2.19.so
b64c8000-b64c9000 r--p 00009000 08:06 397876     /lib/i386-linux-gnu/libnss_nis-2.19.so
b64c9000-b64ca000 rw-p 0000a000 08:06 397876     /lib/i386-linux-gnu/libnss_nis-2.19.so
b64ca000-b64df000 r-xp 00000000 08:06 397880     /lib/i386-linux-gnu/libnsl-2.19.so
b64df000-b64e0000 r--p 00015000 08:06 397880     /lib/i386-linux-gnu/libnsl-2.19.so
b64e0000-b64e1000 rw-p 00016000 08:06 397880     /lib/i386-linux-gnu/libnsl-2.19.so
b64e1000-b64e3000 rw-p 00000000 00:00 0 
b64e3000-b64e4000 r--s 0000a000 08:06 4071418    /usr/share/java/asm3-3.3.2.jar
b64e4000-b64e5000 r--s 00003000 08:06 4071456    /usr/share/java/hawtjni-runtime-1.1-SNAPSHOT.jar
b64e5000-b64e6000 r--s 00001000 08:06 4071460    /usr/share/java/jansi-native-1.0.jar
b64e6000-b64e8000 r--s 00004000 08:06 4071416    /usr/share/java/asm3-tree-3.3.2.jar
b64e8000-b64f5000 r--s 00075000 08:06 4071450    /usr/share/java/xstream-1.4.7.jar
b64f5000-b64f8000 r--s 0001a000 08:06 4071241    /usr/share/java/ant-junit-1.9.3.jar
b64f8000-b6500000 rw-s 00000000 08:06 7343458    /tmp/hsperfdata_administrator/6912
b6500000-b65fb000 rw-p 00000000 00:00 0 
b65fb000-b6600000 ---p 00000000 00:00 0 
b6600000-b6601000 r--s 00005000 08:06 4071463    /usr/share/java/jansi-1.4.jar
b6601000-b6607000 r--s 0007f000 08:03 130562     /media/administrator/I/SETUPS/mysql-connector-java-5.0.8/mysql-connector-java-5.0.8-bin.jar
b6607000-b662b000 r-xp 00000000 08:06 4465638    /usr/lib/jvm/java-8-oracle/jre/lib/i386/libjava.so
b662b000-b662c000 rw-p 00024000 08:06 4465638    /usr/lib/jvm/java-8-oracle/jre/lib/i386/libjava.so
b662c000-b6633000 r-xp 00000000 08:06 397866     /lib/i386-linux-gnu/librt-2.19.so
b6633000-b6634000 r--p 00006000 08:06 397866     /lib/i386-linux-gnu/librt-2.19.so
b6634000-b6635000 rw-p 00007000 08:06 397866     /lib/i386-linux-gnu/librt-2.19.so
b6635000-b6638000 ---p 00000000 00:00 0 
b6638000-b6686000 rw-p 00000000 00:00 0          [stack:6925]
b6686000-b66ca000 r-xp 00000000 08:06 397870     /lib/i386-linux-gnu/libm-2.19.so
b66ca000-b66cb000 r--p 00043000 08:06 397870     /lib/i386-linux-gnu/libm-2.19.so
b66cb000-b66cc000 rw-p 00044000 08:06 397870     /lib/i386-linux-gnu/libm-2.19.so
b66cc000-b705d000 r-xp 00000000 08:06 4723763    /usr/lib/jvm/java-8-oracle/jre/lib/i386/server/libjvm.so
b705d000-b70ca000 rw-p 00991000 08:06 4723763    /usr/lib/jvm/java-8-oracle/jre/lib/i386/server/libjvm.so
b70ca000-b74f4000 rw-p 00000000 00:00 0 
b74f4000-b769c000 r-xp 00000000 08:06 397878     /lib/i386-linux-gnu/libc-2.19.so
b769c000-b769e000 r--p 001a8000 08:06 397878     /lib/i386-linux-gnu/libc-2.19.so
b769e000-b769f000 rw-p 001aa000 08:06 397878     /lib/i386-linux-gnu/libc-2.19.so
b769f000-b76a2000 rw-p 00000000 00:00 0 
b76a2000-b76a5000 r-xp 00000000 08:06 397884     /lib/i386-linux-gnu/libdl-2.19.so
b76a5000-b76a6000 r--p 00002000 08:06 397884     /lib/i386-linux-gnu/libdl-2.19.so
b76a6000-b76a7000 rw-p 00003000 08:06 397884     /lib/i386-linux-gnu/libdl-2.19.so
b76a7000-b76a8000 rw-p 00000000 00:00 0 
b76a8000-b76bd000 r-xp 00000000 08:06 4465455    /usr/lib/jvm/java-8-oracle/lib/i386/jli/libjli.so
b76bd000-b76be000 rw-p 00014000 08:06 4465455    /usr/lib/jvm/java-8-oracle/lib/i386/jli/libjli.so
b76be000-b76d6000 r-xp 00000000 08:06 397873     /lib/i386-linux-gnu/libpthread-2.19.so
b76d6000-b76d7000 r--p 00018000 08:06 397873     /lib/i386-linux-gnu/libpthread-2.19.so
b76d7000-b76d8000 rw-p 00019000 08:06 397873     /lib/i386-linux-gnu/libpthread-2.19.so
b76d8000-b76da000 rw-p 00000000 00:00 0 
b76da000-b76db000 r--s 00004000 08:06 4071222    /usr/share/java/ant-launcher-1.9.3.jar
b76db000-b76dc000 r--s 00004000 08:06 4071420    /usr/share/java/asm3-analysis-3.3.2.jar
b76dc000-b76df000 r--s 00030000 08:03 220097     /media/administrator/I/SETUPS/freetts-1.2.2-bin/freetts-1.2/lib/freetts.jar
b76df000-b76e0000 r--p 00850000 08:06 3678418    /usr/lib/locale/locale-archive
b76e0000-b76e7000 r-xp 00000000 08:06 397879     /lib/i386-linux-gnu/libnss_compat-2.19.so
b76e7000-b76e8000 r--p 00006000 08:06 397879     /lib/i386-linux-gnu/libnss_compat-2.19.so
b76e8000-b76e9000 rw-p 00007000 08:06 397879     /lib/i386-linux-gnu/libnss_compat-2.19.so
b76e9000-b76ea000 rw-p 00000000 00:00 0 
b76ea000-b76eb000 r--p 00000000 00:00 0 
b76eb000-b76f6000 r-xp 00000000 08:06 4465586    /usr/lib/jvm/java-8-oracle/jre/lib/i386/libverify.so
b76f6000-b76f7000 rw-p 0000b000 08:06 4465586    /usr/lib/jvm/java-8-oracle/jre/lib/i386/libverify.so
b76f7000-b76f9000 rw-p 00000000 00:00 0 
b76f9000-b76fb000 r--p 00000000 00:00 0          [vvar]
b76fb000-b76fd000 r-xp 00000000 00:00 0          [vdso]
b76fd000-b771d000 r-xp 00000000 08:06 394351     /lib/i386-linux-gnu/ld-2.19.so
b771d000-b771e000 r--p 0001f000 08:06 394351     /lib/i386-linux-gnu/ld-2.19.so
b771e000-b771f000 rw-p 00020000 08:06 394351     /lib/i386-linux-gnu/ld-2.19.so
bf918000-bf919000 rwxp 00000000 00:00 0 
bf94a000-bf96c000 rw-p 00000000 00:00 0          [stack]

VM Arguments:
jvm_args: -Dscript.name=/usr/bin/groovy -Dprogram.name=groovy -Dgroovy.starter.conf=/etc/groovy/groovy-starter.conf -Dgroovy.home=/usr/share/groovy -Dtools.jar=/usr/lib/jvm/java-8-oracle/lib/tools.jar 
java_command: org.codehaus.groovy.tools.GroovyStarter --main groovy.ui.GroovyMain --conf /etc/groovy/groovy-starter.conf --classpath /media/administrator/I/SETUPS/freetts-1.2.2-bin/freetts-1.2/lib/freetts.jar:/media/administrator/I/SETUPS/mysql-connector-java-5.0.8/mysql-connector-java-5.0.8-bin.jar:. NewsWikiFlash.groovy daily_news 30000 10000
java_class_path (initial): /usr/share/groovy/lib/groovy-1.8.6.jar
Launcher Type: SUN_STANDARD

Environment Variables:
JAVA_HOME=/usr/lib/jvm/java-8-oracle
CLASSPATH=/media/administrator/I/SETUPS/freetts-1.2.2-bin/freetts-1.2/lib/freetts.jar:/media/administrator/I/SETUPS/mysql-connector-java-5.0.8/mysql-connector-java-5.0.8-bin.jar
PATH=/home/administrator/.nvm/versions/node/v8.12.0/bin:/usr/local/sbin:/usr/local/bin:/usr/sbin:/usr/bin:/sbin:/bin:/usr/games:/usr/local/games:/usr/lib/jvm/java-8-oracle/bin:/usr/lib/jvm/java-8-oracle/db/bin:/usr/lib/jvm/java-8-oracle/jre/bin
SHELL=/bin/bash
DISPLAY=:0

Signal Handlers:
SIGSEGV: [libjvm.so+0x8dc460], sa_mask[0]=11111111011111111101111111111110, sa_flags=SA_RESTART|SA_SIGINFO
SIGBUS: [libjvm.so+0x8dc460], sa_mask[0]=11111111011111111101111111111110, sa_flags=SA_RESTART|SA_SIGINFO
SIGFPE: [libjvm.so+0x759110], sa_mask[0]=11111111011111111101111111111110, sa_flags=SA_RESTART|SA_SIGINFO
SIGPIPE: SIG_IGN, sa_mask[0]=00000000000010000000000000000000, sa_flags=SA_RESTART
SIGXFSZ: [libjvm.so+0x759110], sa_mask[0]=11111111011111111101111111111110, sa_flags=SA_RESTART|SA_SIGINFO
SIGILL: [libjvm.so+0x759110], sa_mask[0]=11111111011111111101111111111110, sa_flags=SA_RESTART|SA_SIGINFO
SIGUSR1: SIG_DFL, sa_mask[0]=00000000000000000000000000000000, sa_flags=none
SIGUSR2: [libjvm.so+0x75a9c0], sa_mask[0]=00000000000000000000000000000000, sa_flags=SA_RESTART|SA_SIGINFO
SIGHUP: [libjvm.so+0x75be70], sa_mask[0]=11111111011111111101111111111110, sa_flags=SA_RESTART|SA_SIGINFO
SIGINT: SIG_IGN, sa_mask[0]=00000000000000000000000000000000, sa_flags=none
SIGTERM: [libjvm.so+0x75be70], sa_mask[0]=11111111011111111101111111111110, sa_flags=SA_RESTART|SA_SIGINFO
SIGQUIT: [libjvm.so+0x75be70], sa_mask[0]=11111111011111111101111111111110, sa_flags=SA_RESTART|SA_SIGINFO


---------------  S Y S T E M  ---------------

OS:DISTRIB_ID=Ubuntu
DISTRIB_RELEASE=14.04
DISTRIB_CODENAME=trusty
DISTRIB_DESCRIPTION="Ubuntu 14.04.4 LTS"

uname:Linux 4.2.0-27-generic #32~14.04.1-Ubuntu SMP Fri Jan 22 15:32:27 UTC 2016 i686
libc:glibc 2.19 NPTL 2.19 
rlimit: STACK 8192k, CORE 0k, NPROC 31311, NOFILE 4096, AS infinity
load average:0.83 0.48 0.48

/proc/meminfo:
MemTotal:        4036660 kB
MemFree:         2485676 kB
MemAvailable:    3282876 kB
Buffers:           82712 kB
Cached:           753228 kB
SwapCached:            0 kB
Active:          1066224 kB
Inactive:         362952 kB
Active(anon):     604024 kB
Inactive(anon):    43460 kB
Active(file):     462200 kB
Inactive(file):   319492 kB
Unevictable:          32 kB
Mlocked:              32 kB
HighTotal:       3182988 kB
HighFree:        2046548 kB
LowTotal:         853672 kB
LowFree:          439128 kB
SwapTotal:             0 kB
SwapFree:              0 kB
Dirty:              1580 kB
Writeback:             4 kB
AnonPages:        593552 kB
Mapped:           106556 kB
Shmem:             53864 kB
Slab:              76912 kB
SReclaimable:      40696 kB
SUnreclaim:        36216 kB
KernelStack:        3272 kB
PageTables:         5036 kB
NFS_Unstable:          0 kB
Bounce:              592 kB
WritebackTmp:          0 kB
CommitLimit:     2018328 kB
Committed_AS:    1717760 kB
VmallocTotal:     122880 kB
VmallocUsed:       45400 kB
VmallocChunk:      29184 kB
AnonHugePages:    397312 kB
CmaTotal:              0 kB
CmaFree:               0 kB
HugePages_Total:       0
HugePages_Free:        0
HugePages_Rsvd:        0
HugePages_Surp:        0
Hugepagesize:       2048 kB
DirectMap4k:       59384 kB
DirectMap2M:      854016 kB


CPU:total 4 (initial active 4) (2 cores per cpu, 2 threads per core) family 6 model 69 stepping 1, cmov, cx8, fxsr, mmx, sse, sse2, sse3, ssse3, sse4.1, sse4.2, popcnt, avx, avx2, aes, clmul, erms, lzcnt, ht, tsc, tscinvbit, bmi1, bmi2

/proc/cpuinfo:
processor	: 0
vendor_id	: GenuineIntel
cpu family	: 6
model		: 69
model name	: Intel(R) Core(TM) i3-4005U CPU @ 1.70GHz
stepping	: 1
microcode	: 0x1c
cpu MHz		: 1700.000
cache size	: 3072 KB
physical id	: 0
siblings	: 4
core id		: 0
cpu cores	: 2
apicid		: 0
initial apicid	: 0
fdiv_bug	: no
f00f_bug	: no
coma_bug	: no
fpu		: yes
fpu_exception	: yes
cpuid level	: 13
wp		: yes
flags		: fpu vme de pse tsc msr pae mce cx8 apic sep mtrr pge mca cmov pat pse36 clflush dts acpi mmx fxsr sse sse2 ss ht tm pbe nx pdpe1gb rdtscp lm constant_tsc arch_perfmon pebs bts xtopology nonstop_tsc aperfmperf eagerfpu pni pclmulqdq dtes64 monitor ds_cpl vmx est tm2 ssse3 fma cx16 xtpr pdcm pcid sse4_1 sse4_2 movbe popcnt tsc_deadline_timer aes xsave avx f16c rdrand lahf_lm abm ida arat epb pln pts dtherm tpr_shadow vnmi flexpriority ept vpid fsgsbase tsc_adjust bmi1 avx2 smep bmi2 erms invpcid xsaveopt
bugs		:
bogomips	: 3392.24
clflush size	: 64
cache_alignment	: 64
address sizes	: 39 bits physical, 48 bits virtual
power management:

processor	: 1
vendor_id	: GenuineIntel
cpu family	: 6
model		: 69
model name	: Intel(R) Core(TM) i3-4005U CPU @ 1.70GHz
stepping	: 1
microcode	: 0x1c
cpu MHz		: 1699.933
cache size	: 3072 KB
physical id	: 0
siblings	: 4
core id		: 1
cpu cores	: 2
apicid		: 2
initial apicid	: 2
fdiv_bug	: no
f00f_bug	: no
coma_bug	: no
fpu		: yes
fpu_exception	: yes
cpuid level	: 13
wp		: yes
flags		: fpu vme de pse tsc msr pae mce cx8 apic sep mtrr pge mca cmov pat pse36 clflush dts acpi mmx fxsr sse sse2 ss ht tm pbe nx pdpe1gb rdtscp lm constant_tsc arch_perfmon pebs bts xtopology nonstop_tsc aperfmperf eagerfpu pni pclmulqdq dtes64 monitor ds_cpl vmx est tm2 ssse3 fma cx16 xtpr pdcm pcid sse4_1 sse4_2 movbe popcnt tsc_deadline_timer aes xsave avx f16c rdrand lahf_lm abm ida arat epb pln pts dtherm tpr_shadow vnmi flexpriority ept vpid fsgsbase tsc_adjust bmi1 avx2 smep bmi2 erms invpcid xsaveopt
bugs		:
bogomips	: 3392.24
clflush size	: 64
cache_alignment	: 64
address sizes	: 39 bits physical, 48 bits virtual
power management:

processor	: 2
vendor_id	: GenuineIntel
cpu family	: 6
model		: 69
model name	: Intel(R) Core(TM) i3-4005U CPU @ 1.70GHz
stepping	: 1
microcode	: 0x1c
cpu MHz		: 1699.933
cache size	: 3072 KB
physical id	: 0
siblings	: 4
core id		: 0
cpu cores	: 2
apicid		: 1
initial apicid	: 1
fdiv_bug	: no
f00f_bug	: no
coma_bug	: no
fpu		: yes
fpu_exception	: yes
cpuid level	: 13
wp		: yes
flags		: fpu vme de pse tsc msr pae mce cx8 apic sep mtrr pge mca cmov pat pse36 clflush dts acpi mmx fxsr sse sse2 ss ht tm pbe nx pdpe1gb rdtscp lm constant_tsc arch_perfmon pebs bts xtopology nonstop_tsc aperfmperf eagerfpu pni pclmulqdq dtes64 monitor ds_cpl vmx est tm2 ssse3 fma cx16 xtpr pdcm pcid sse4_1 sse4_2 movbe popcnt tsc_deadline_timer aes xsave avx f16c rdrand lahf_lm abm ida arat epb pln pts dtherm tpr_shadow vnmi flexpriority ept vpid fsgsbase tsc_adjust bmi1 avx2 smep bmi2 erms invpcid xsaveopt
bugs		:
bogomips	: 3392.24
clflush size	: 64
cache_alignment	: 64
address sizes	: 39 bits physical, 48 bits virtual
power management:

processor	: 3
vendor_id	: GenuineIntel
cpu family	: 6
model		: 69
model name	: Intel(R) Core(TM) i3-4005U CPU @ 1.70GHz
stepping	: 1
microcode	: 0x1c
cpu MHz		: 1700.000
cache size	: 3072 KB
physical id	: 0
siblings	: 4
core id		: 1
cpu cores	: 2
apicid		: 3
initial apicid	: 3
fdiv_bug	: no
f00f_bug	: no
coma_bug	: no
fpu		: yes
fpu_exception	: yes
cpuid level	: 13
wp		: yes
flags		: fpu vme de pse tsc msr pae mce cx8 apic sep mtrr pge mca cmov pat pse36 clflush dts acpi mmx fxsr sse sse2 ss ht tm pbe nx pdpe1gb rdtscp lm constant_tsc arch_perfmon pebs bts xtopology nonstop_tsc aperfmperf eagerfpu pni pclmulqdq dtes64 monitor ds_cpl vmx est tm2 ssse3 fma cx16 xtpr pdcm pcid sse4_1 sse4_2 movbe popcnt tsc_deadline_timer aes xsave avx f16c rdrand lahf_lm abm ida arat epb pln pts dtherm tpr_shadow vnmi flexpriority ept vpid fsgsbase tsc_adjust bmi1 avx2 smep bmi2 erms invpcid xsaveopt
bugs		:
bogomips	: 3392.24
clflush size	: 64
cache_alignment	: 64
address sizes	: 39 bits physical, 48 bits virtual
power management:



Memory: 4k page, physical 4036660k(2485676k free), swap 0k(0k free)

vm_info: Java HotSpot(TM) Server VM (25.151-b12) for linux-x86 JRE (1.8.0_151-b12), built on Sep  5 2017 19:27:23 by "java_re" with gcc 4.3.0 20080428 (Red Hat 4.3.0-8)

time: Sun Feb 24 17:40:25 2019
elapsed time: 14383 seconds (0d 3h 59m 43s)

